
============================================
SNCP DAILY MAINTENANCE - 2026-01-14
============================================
=== SNCP Daily Health Check ===
Health check salvato: /Users/rafapra/Developer/CervellaSwarm/.sncp/reports/daily/health_2026-01-14.txt
Warning: 1 issue trovati
=== Cleanup file temporanei ===
Cleanup completato
=== Verifica dimensioni file ===
WARNING: miracollo/stato.md ha 488 righe (max 300)
ATTENZIONE: 1 file troppo grandi - considera compattazione
=== Statistiche SNCP ===
  cervellaswarm: 37 file
  contabilita: 1 file
  crypto-research: 16 file
  menumaster: 3 file
  miracollo: 235 file
  Dimensione totale SNCP: 6.5M

Manutenzione completata!
============================================

============================================
SNCP DAILY MAINTENANCE - 2026-01-15
============================================
=== SNCP Daily Health Check ===
Health check salvato: /Users/rafapra/Developer/CervellaSwarm/.sncp/reports/daily/health_2026-01-15.txt
Warning: 2 issue trovati
=== Cleanup file temporanei ===
Cleanup completato
=== Verifica dimensioni file ===
WARNING: miracollo/stato.md ha 554 righe (max 300)
ATTENZIONE: 1 file troppo grandi - considera compattazione
=== Statistiche SNCP ===
  cervellaswarm: 40 file
  contabilita: 1 file
  crypto-research: 16 file
  menumaster: 3 file
  miracollo: 245 file
  Dimensione totale SNCP: 6.8M

Manutenzione completata!
============================================

============================================
SNCP DAILY MAINTENANCE - 2026-01-15
============================================
=== SNCP Daily Health Check ===
Health check salvato: /Users/rafapra/Developer/CervellaSwarm/.sncp/reports/daily/health_2026-01-15.txt
Warning: 2 issue trovati
=== Cleanup file temporanei ===
Cleanup completato
=== Verifica dimensioni file ===
WARNING: cervellaswarm/stato.md ha 388 righe (max 300)
WARNING: miracollo/stato.md ha 712 righe (max 300)
ATTENZIONE: 2 file troppo grandi - considera compattazione
=== Statistiche SNCP ===
  cervellaswarm: 48 file
  contabilita: 1 file
  crypto-research: 16 file
  menumaster: 3 file
  miracollo: 251 file
  Dimensione totale SNCP: 7.0M

Manutenzione completata!
============================================

============================================
SNCP DAILY MAINTENANCE - 2026-01-15
============================================
=== SNCP Daily Health Check ===
Health check salvato: /Users/rafapra/Developer/CervellaSwarm/.sncp/reports/daily/health_2026-01-15.txt
Warning: 2 issue trovati
=== Cleanup file temporanei ===
Cleanup completato
=== Verifica dimensioni file ===
WARNING: cervellaswarm/stato.md ha 388 righe (max 300)
WARNING: miracollo/stato.md ha 712 righe (max 300)
ATTENZIONE: 2 file troppo grandi - considera compattazione
=== Statistiche SNCP ===
  cervellaswarm: 59 file
  contabilita: 2 file
  crypto-research: 16 file
  menumaster: 3 file
  miracollo: 260 file
  Dimensione totale SNCP: 7.3M

Manutenzione completata!
============================================

============================================
SNCP DAILY MAINTENANCE - 2026-01-16
============================================
=== SNCP Daily Health Check ===
Health check salvato: /Users/rafapra/Developer/CervellaSwarm/.sncp/reports/daily/health_2026-01-16.txt
Warning: 3 issue trovati
=== Cleanup file temporanei ===
Cleanup completato
=== Verifica dimensioni file ===
WARNING: cervellaswarm/stato.md ha 556 righe (max 300)
WARNING: miracollo/stato.md ha 712 righe (max 300)
ATTENZIONE: 2 file troppo grandi - considera compattazione
=== Statistiche SNCP ===
  cervellaswarm: 73 file
  contabilita: 6 file
  crypto-research: 16 file
  menumaster: 3 file
  miracollo: 285 file
  Dimensione totale SNCP: 8.3M

Manutenzione completata!
============================================

============================================
SNCP DAILY MAINTENANCE - 2026-01-16
============================================
=== SNCP Daily Health Check ===
Health check salvato: /Users/rafapra/Developer/CervellaSwarm/.sncp/reports/daily/health_2026-01-16.txt
Warning: 2 issue trovati
=== Cleanup file temporanei ===
Cleanup completato
=== Verifica dimensioni file ===
WARNING: cervellaswarm/stato.md ha 556 righe (max 300)
WARNING: miracollo/stato.md ha 712 righe (max 300)
ATTENZIONE: 2 file troppo grandi - considera compattazione
=== Statistiche SNCP ===
  cervellaswarm: 73 file
  contabilita: 6 file
  crypto-research: 16 file
  menumaster: 3 file
  miracollo: 295 file
  Dimensione totale SNCP: 8.3M

Manutenzione completata!
============================================

============================================
SNCP DAILY MAINTENANCE - 2026-01-16
============================================
=== SNCP Daily Health Check ===
Health check salvato: /Users/rafapra/Developer/CervellaSwarm/.sncp/reports/daily/health_2026-01-16.txt
Warning: 2 issue trovati
=== Cleanup file temporanei ===
Cleanup completato
=== Verifica dimensioni file ===
WARNING: cervellaswarm/stato.md ha 556 righe (max 300)
WARNING: miracollo/stato.md ha 712 righe (max 300)
ATTENZIONE: 2 file troppo grandi - considera compattazione
=== Statistiche SNCP ===
  cervellaswarm: 73 file
  contabilita: 6 file
  crypto-research: 16 file
  menumaster: 3 file
  miracollo: 295 file
  Dimensione totale SNCP: 8.3M

Manutenzione completata!
============================================

============================================
SNCP DAILY MAINTENANCE - 2026-01-17
============================================
=== SNCP Daily Health Check ===
Health check salvato: /Users/rafapra/Developer/CervellaSwarm/.sncp/reports/daily/health_2026-01-17.txt
Warning: 2 issue trovati
=== Cleanup file temporanei ===
Cleanup completato
=== Verifica dimensioni file ===
WARNING: cervellaswarm/stato.md ha 700 righe (max 300)
ATTENZIONE: 1 file troppo grandi - considera compattazione
=== Statistiche SNCP ===
  cervellaswarm: 94 file
  contabilita: 6 file
  crypto-research: 16 file
  menumaster: 3 file
  miracollo: 337 file
  Dimensione totale SNCP: 9.6M

Manutenzione completata!
============================================

============================================
SNCP DAILY MAINTENANCE - 2026-01-17
============================================
=== SNCP Daily Health Check ===
Health check salvato: /Users/rafapra/Developer/CervellaSwarm/.sncp/reports/daily/health_2026-01-17.txt
Tutto OK!
=== Cleanup file temporanei ===
Cleanup completato
=== Verifica dimensioni file ===
Dimensioni file OK
=== Statistiche SNCP ===
  cervellaswarm: 95 file
  contabilita: 6 file
  crypto-research: 16 file
  menumaster: 3 file
  miracollo: 332 file
  Dimensione totale SNCP: 9.5M

Manutenzione completata!
============================================

============================================
SNCP DAILY MAINTENANCE - 2026-01-18
============================================
=== SNCP Daily Health Check ===
Health check salvato: /Users/rafapra/Developer/CervellaSwarm/.sncp/reports/daily/health_2026-01-18.txt
Warning: 1 issue trovati
=== Cleanup file temporanei ===
Cleanup completato
=== Verifica dimensioni file ===
Dimensioni file OK
=== Compliance Check ===
Compliance check salvato: /Users/rafapra/Developer/CervellaSwarm/.sncp/reports/daily/compliance_2026-01-18.txt
Compliance OK!
=== Statistiche SNCP ===
  cervellaswarm: 108 file
  contabilita: 6 file
  crypto-research: 16 file
  menumaster: 3 file
  miracollo: 335 file
  Dimensione totale SNCP: 9.8M

Manutenzione completata!
============================================

============================================
SNCP DAILY MAINTENANCE - 2026-01-18
============================================
=== SNCP Daily Health Check ===
Health check salvato: /Users/rafapra/Developer/CervellaSwarm/.sncp/reports/daily/health_2026-01-18.txt
Tutto OK!
=== Cleanup file temporanei ===
Cleanup completato
=== Verifica dimensioni file ===
Dimensioni file OK
=== Compliance Check ===
Compliance check salvato: /Users/rafapra/Developer/CervellaSwarm/.sncp/reports/daily/compliance_2026-01-18.txt
Compliance OK!
=== Statistiche SNCP ===
  cervellaswarm: 108 file
  contabilita: 6 file
  crypto-research: 16 file
  menumaster: 3 file
  miracollo: 335 file
  Dimensione totale SNCP: 9.8M

Manutenzione completata!
============================================

============================================
SNCP DAILY MAINTENANCE - 2026-01-19
============================================
=== SNCP Daily Health Check ===
Health check salvato: /Users/rafapra/Developer/CervellaSwarm/.sncp/reports/daily/health_2026-01-19.txt
Tutto OK!
=== Cleanup file temporanei ===
Cleanup completato
=== Verifica dimensioni file ===
Dimensioni file OK
=== Compliance Check ===
Compliance check salvato: /Users/rafapra/Developer/CervellaSwarm/.sncp/reports/daily/compliance_2026-01-19.txt
Compliance OK!
=== Statistiche SNCP ===
  cervellaswarm: 114 file
  contabilita: 8 file
  crypto-research: 16 file
  menumaster: 3 file
  miracollo: 339 file
  Dimensione totale SNCP:  10M

Manutenzione completata!
============================================

============================================
SNCP DAILY MAINTENANCE - 2026-01-19
============================================
=== SNCP Daily Health Check ===
Health check salvato: /Users/rafapra/Developer/CervellaSwarm/.sncp/reports/daily/health_2026-01-19.txt
Tutto OK!
=== Cleanup file temporanei ===
Cleanup completato
=== Verifica dimensioni file ===
Dimensioni file OK
=== Compliance Check ===
Compliance check salvato: /Users/rafapra/Developer/CervellaSwarm/.sncp/reports/daily/compliance_2026-01-19.txt
Compliance OK!
=== Statistiche SNCP ===
  cervellaswarm: 117 file
  contabilita: 8 file
  crypto-research: 16 file
  menumaster: 3 file
  miracollo: 342 file
  Dimensione totale SNCP:  10M

Manutenzione completata!
============================================

============================================
SNCP DAILY MAINTENANCE - 2026-01-20
============================================
=== SNCP Daily Health Check ===
Health check salvato: /Users/rafapra/Developer/CervellaSwarm/.sncp/reports/daily/health_2026-01-20.txt
Warning: 1 issue trovati
=== Cleanup file temporanei ===
Cleanup completato
=== Verifica dimensioni file ===
Dimensioni file OK
=== Compliance Check ===
Compliance check salvato: /Users/rafapra/Developer/CervellaSwarm/.sncp/reports/daily/compliance_2026-01-20.txt
Compliance OK!
=== Statistiche SNCP ===
  cervellaswarm: 117 file
  contabilita: 8 file
  crypto-research: 16 file
  menumaster: 3 file
  miracollo: 342 file
  Dimensione totale SNCP:  10M

Manutenzione completata!
============================================

============================================
SNCP DAILY MAINTENANCE - 2026-01-20
============================================
=== SNCP Daily Health Check ===
Health check salvato: /Users/rafapra/Developer/CervellaSwarm/.sncp/reports/daily/health_2026-01-20.txt
Tutto OK!
=== Cleanup file temporanei ===
Cleanup completato
=== Verifica dimensioni file ===
Dimensioni file OK
=== Compliance Check ===
Compliance check salvato: /Users/rafapra/Developer/CervellaSwarm/.sncp/reports/daily/compliance_2026-01-20.txt
Compliance OK!
=== Statistiche SNCP ===
  cervellaswarm: 122 file
  contabilita: 8 file
  crypto-research: 16 file
  menumaster: 3 file
  miracollo: 342 file
  Dimensione totale SNCP:  11M

Manutenzione completata!
============================================

============================================
SNCP DAILY MAINTENANCE - 2026-01-20
============================================
=== SNCP Daily Health Check ===
Health check salvato: /Users/rafapra/Developer/CervellaSwarm/.sncp/reports/daily/health_2026-01-20.txt
Tutto OK!
=== Cleanup file temporanei ===
Cleanup completato
=== Verifica dimensioni file ===
Dimensioni file OK
=== Compliance Check ===
Compliance check salvato: /Users/rafapra/Developer/CervellaSwarm/.sncp/reports/daily/compliance_2026-01-20.txt
Compliance OK!
=== Statistiche SNCP ===
  cervellaswarm: 122 file
  contabilita: 8 file
  crypto-research: 16 file
  menumaster: 3 file
  miracollo: 342 file
  Dimensione totale SNCP:  11M

Manutenzione completata!
============================================

============================================
SNCP DAILY MAINTENANCE - 2026-01-21
============================================
=== SNCP Daily Health Check ===
Health check salvato: /Users/rafapra/Developer/CervellaSwarm/.sncp/reports/daily/health_2026-01-21.txt
Tutto OK!
=== Cleanup file temporanei ===
Cleanup completato
=== Verifica dimensioni file ===
Dimensioni file OK
=== Compliance Check ===
Compliance check salvato: /Users/rafapra/Developer/CervellaSwarm/.sncp/reports/daily/compliance_2026-01-21.txt
Compliance OK!
=== Statistiche SNCP ===
  cervellaswarm: 132 file
  contabilita: 8 file
  crypto-research: 16 file
  menumaster: 3 file
  miracollo: 344 file
  Dimensione totale SNCP:  11M

Manutenzione completata!
============================================

============================================
SNCP DAILY MAINTENANCE - 2026-01-21
============================================
=== SNCP Daily Health Check ===
Health check salvato: /Users/rafapra/Developer/CervellaSwarm/.sncp/reports/daily/health_2026-01-21.txt
Tutto OK!
=== Cleanup file temporanei ===
Cleanup completato
=== Verifica dimensioni file ===
Dimensioni file OK
=== Compliance Check ===
Compliance check salvato: /Users/rafapra/Developer/CervellaSwarm/.sncp/reports/daily/compliance_2026-01-21.txt
Compliance OK!
=== Statistiche SNCP ===
  cervellaswarm: 134 file
  contabilita: 8 file
  crypto-research: 16 file
  menumaster: 3 file
  miracollo: 344 file
  Dimensione totale SNCP:  11M

Manutenzione completata!
============================================

============================================
SNCP DAILY MAINTENANCE - 2026-01-21
============================================
=== SNCP Daily Health Check ===
Health check salvato: /Users/rafapra/Developer/CervellaSwarm/.sncp/reports/daily/health_2026-01-21.txt
Tutto OK!
=== Cleanup file temporanei ===
Cleanup completato
=== Verifica dimensioni file ===
Dimensioni file OK
=== Compliance Check ===
Compliance check salvato: /Users/rafapra/Developer/CervellaSwarm/.sncp/reports/daily/compliance_2026-01-21.txt
Compliance OK!
=== Statistiche SNCP ===
  cervellaswarm: 134 file
  contabilita: 8 file
  crypto-research: 16 file
  menumaster: 3 file
  miracollo: 344 file
  Dimensione totale SNCP:  11M

Manutenzione completata!
============================================

============================================
SNCP DAILY MAINTENANCE - 2026-01-22
============================================
=== SNCP Daily Health Check ===
Health check salvato: /Users/rafapra/Developer/CervellaSwarm/.sncp/reports/daily/health_2026-01-22.txt
Tutto OK!
=== Cleanup file temporanei ===
Cleanup completato
=== Verifica dimensioni file ===
Dimensioni file OK
=== Compliance Check ===
Compliance check salvato: /Users/rafapra/Developer/CervellaSwarm/.sncp/reports/daily/compliance_2026-01-22.txt
Compliance OK!
=== Statistiche SNCP ===
  cervellaswarm: 134 file
  contabilita: 8 file
  crypto-research: 16 file
  menumaster: 3 file
  miracollo: 344 file
  Dimensione totale SNCP:  11M

Manutenzione completata!
============================================

============================================
SNCP DAILY MAINTENANCE - 2026-01-22
============================================
=== SNCP Daily Health Check ===
Health check salvato: /Users/rafapra/Developer/CervellaSwarm/.sncp/reports/daily/health_2026-01-22.txt
Tutto OK!
=== Cleanup file temporanei ===
Cleanup completato
=== Verifica dimensioni file ===
Dimensioni file OK
=== Compliance Check ===
Compliance check salvato: /Users/rafapra/Developer/CervellaSwarm/.sncp/reports/daily/compliance_2026-01-22.txt
Compliance OK!
=== Statistiche SNCP ===
  cervellaswarm: 136 file
  contabilita: 8 file
  crypto-research: 16 file
  menumaster: 3 file
  miracollo: 348 file
  Dimensione totale SNCP:  11M

Manutenzione completata!
============================================

============================================
SNCP DAILY MAINTENANCE - 2026-01-23
============================================
=== SNCP Daily Health Check ===
Health check salvato: /Users/rafapra/Developer/CervellaSwarm/.sncp/reports/daily/health_2026-01-23.txt
Tutto OK!
=== Cleanup file temporanei ===
Cleanup completato
=== Verifica dimensioni file ===
Dimensioni file OK
=== Compliance Check ===
Compliance check salvato: /Users/rafapra/Developer/CervellaSwarm/.sncp/reports/daily/compliance_2026-01-23.txt
Compliance OK!
=== Statistiche SNCP ===
  cervellaswarm: 139 file
  contabilita: 8 file
  crypto-research: 16 file
  menumaster: 3 file
  miracollo: 348 file
  rafafreelance: 1 file
  Dimensione totale SNCP:  11M

Manutenzione completata!
============================================

============================================
SNCP DAILY MAINTENANCE - 2026-01-23
============================================
=== SNCP Daily Health Check ===
Health check salvato: /Users/rafapra/Developer/CervellaSwarm/.sncp/reports/daily/health_2026-01-23.txt
Tutto OK!
=== Cleanup file temporanei ===
Cleanup completato
=== Verifica dimensioni file ===
Dimensioni file OK
=== Compliance Check ===
Compliance check salvato: /Users/rafapra/Developer/CervellaSwarm/.sncp/reports/daily/compliance_2026-01-23.txt
Compliance OK!
=== Statistiche SNCP ===
  cervellaswarm: 139 file
  contabilita: 8 file
  crypto-research: 16 file
  menumaster: 3 file
  miracollo: 348 file
  rafafreelance: 1 file
  Dimensione totale SNCP:  11M

Manutenzione completata!
============================================

============================================
SNCP DAILY MAINTENANCE - 2026-01-23
============================================
=== SNCP Daily Health Check ===
Health check salvato: /Users/rafapra/Developer/CervellaSwarm/.sncp/reports/daily/health_2026-01-23.txt
Tutto OK!
=== Cleanup file temporanei ===
Cleanup completato
=== Verifica dimensioni file ===
Dimensioni file OK
=== Compliance Check ===
Compliance check salvato: /Users/rafapra/Developer/CervellaSwarm/.sncp/reports/daily/compliance_2026-01-23.txt
Compliance OK!
=== Statistiche SNCP ===
  cervellaswarm: 139 file
  contabilita: 8 file
  crypto-research: 16 file
  menumaster: 3 file
  miracollo: 348 file
  rafafreelance: 1 file
  Dimensione totale SNCP:  11M

Manutenzione completata!
============================================

============================================
SNCP DAILY MAINTENANCE - 2026-01-24
============================================
=== SNCP Daily Health Check ===
Health check salvato: /Users/rafapra/Developer/CervellaSwarm/.sncp/reports/daily/health_2026-01-24.txt
Tutto OK!
=== Cleanup file temporanei ===
Cleanup completato
=== Verifica dimensioni file ===
Dimensioni file OK
=== Compliance Check ===
Compliance check salvato: /Users/rafapra/Developer/CervellaSwarm/.sncp/reports/daily/compliance_2026-01-24.txt
Compliance OK!
=== Statistiche SNCP ===
  cervellaswarm: 139 file
  contabilita: 8 file
  crypto-research: 16 file
  menumaster: 3 file
  miracollo: 348 file
  rafafreelance: 1 file
  Dimensione totale SNCP:  11M

Manutenzione completata!
============================================

============================================
SNCP DAILY MAINTENANCE - 2026-01-24
============================================
=== SNCP Daily Health Check ===
Health check salvato: /Users/rafapra/Developer/CervellaSwarm/.sncp/reports/daily/health_2026-01-24.txt
Tutto OK!
=== Cleanup file temporanei ===
Cleanup completato
=== Verifica dimensioni file ===
Dimensioni file OK
=== Compliance Check ===
Compliance check salvato: /Users/rafapra/Developer/CervellaSwarm/.sncp/reports/daily/compliance_2026-01-24.txt
Compliance OK!
=== Statistiche SNCP ===
  cervellaswarm: 139 file
  contabilita: 8 file
  crypto-research: 16 file
  menumaster: 3 file
  miracollo: 348 file
  rafafreelance: 1 file
  Dimensione totale SNCP:  11M

Manutenzione completata!
============================================

============================================
SNCP DAILY MAINTENANCE - 2026-01-25
============================================
=== SNCP Daily Health Check ===
Health check salvato: /Users/rafapra/Developer/CervellaSwarm/.sncp/reports/daily/health_2026-01-25.txt
Tutto OK!
=== Cleanup file temporanei ===
Cleanup completato
=== Verifica dimensioni file ===
WARNING: cervellatrading/PROMPT_RIPRESA ha 151 righe (max 150)
WARNING: 1 file sopra limite (ma sotto auto-compact)
=== Compliance Check ===
Compliance check salvato: /Users/rafapra/Developer/CervellaSwarm/.sncp/reports/daily/compliance_2026-01-25.txt
Compliance OK!
=== Statistiche SNCP ===
  cervellaswarm: 139 file
  cervellatrading: 2 file
  contabilita: 8 file
  crypto-research: 16 file
  menumaster: 3 file
  miracollo: 348 file
  rafafreelance: 1 file
  Dimensione totale SNCP:  11M

Manutenzione completata!
============================================

============================================
SNCP DAILY MAINTENANCE - 2026-01-26
============================================
=== SNCP Daily Health Check ===
Health check salvato: /Users/rafapra/Developer/CervellaSwarm/.sncp/reports/daily/health_2026-01-26.txt
Tutto OK!
=== Cleanup file temporanei ===
Cleanup completato
=== Verifica dimensioni file ===
WARNING: cervellatrading/PROMPT_RIPRESA ha 151 righe (max 150)
WARNING: 1 file sopra limite (ma sotto auto-compact)
=== Compliance Check ===
Compliance check salvato: /Users/rafapra/Developer/CervellaSwarm/.sncp/reports/daily/compliance_2026-01-26.txt
Compliance OK!
=== Statistiche SNCP ===
  cervellaswarm: 139 file
  cervellatrading: 2 file
  contabilita: 8 file
  crypto-research: 16 file
  menumaster: 3 file
  miracollo: 348 file
  rafafreelance: 1 file
  Dimensione totale SNCP:  11M

Manutenzione completata!
============================================

============================================
SNCP DAILY MAINTENANCE - 2026-01-27
============================================
=== SNCP Daily Health Check ===
Health check salvato: /Users/rafapra/Developer/CervellaSwarm/.sncp/reports/daily/health_2026-01-27.txt
Tutto OK!
=== Cleanup file temporanei ===
Cleanup completato
=== Verifica dimensioni file ===
WARNING: cervellatrading/PROMPT_RIPRESA ha 151 righe (max 150)
WARNING: 1 file sopra limite (ma sotto auto-compact)
=== Compliance Check ===
Compliance check salvato: /Users/rafapra/Developer/CervellaSwarm/.sncp/reports/daily/compliance_2026-01-27.txt
Compliance OK!
=== Statistiche SNCP ===
  cervellaswarm: 139 file
  cervellatrading: 2 file
  contabilita: 8 file
  crypto-research: 16 file
  menumaster: 3 file
  miracollo: 348 file
  rafafreelance: 1 file
  Dimensione totale SNCP:  11M

Manutenzione completata!
============================================

============================================
SNCP DAILY MAINTENANCE - 2026-01-27
============================================
=== SNCP Daily Health Check ===
Health check salvato: /Users/rafapra/Developer/CervellaSwarm/.sncp/reports/daily/health_2026-01-27.txt
Tutto OK!
=== Cleanup file temporanei ===
Cleanup completato
=== Verifica dimensioni file ===
WARNING: cervellatrading/PROMPT_RIPRESA ha 151 righe (max 150)
WARNING: 1 file sopra limite (ma sotto auto-compact)
=== Compliance Check ===
Compliance check salvato: /Users/rafapra/Developer/CervellaSwarm/.sncp/reports/daily/compliance_2026-01-27.txt
Compliance OK!
=== Statistiche SNCP ===
  cervellaswarm: 139 file
  cervellatrading: 2 file
  contabilita: 8 file
  crypto-research: 16 file
  menumaster: 3 file
  miracollo: 348 file
  rafafreelance: 1 file
  Dimensione totale SNCP:  11M

Manutenzione completata!
============================================

============================================
SNCP DAILY MAINTENANCE - 2026-01-28
============================================
=== SNCP Daily Health Check ===
Health check salvato: /Users/rafapra/Developer/CervellaSwarm/.sncp/reports/daily/health_2026-01-28.txt
Tutto OK!
=== Cleanup file temporanei ===
Cleanup completato
=== Verifica dimensioni file ===
Dimensioni file OK
=== Compliance Check ===
Compliance check salvato: /Users/rafapra/Developer/CervellaSwarm/.sncp/reports/daily/compliance_2026-01-28.txt
Compliance OK!
=== Statistiche SNCP ===
  cervellaswarm: 140 file
  cervellatrading: 2 file
  contabilita: 8 file
  creatormetrics: 1 file
  crypto-research: 16 file
  menumaster: 3 file
  miracollo: 348 file
  rafafreelance: 1 file
  Dimensione totale SNCP:  11M

Manutenzione completata!
============================================

============================================
SNCP DAILY MAINTENANCE - 2026-01-28
============================================
=== SNCP Daily Health Check ===
Health check salvato: /Users/rafapra/Developer/CervellaSwarm/.sncp/reports/daily/health_2026-01-28.txt
Tutto OK!
=== Cleanup file temporanei ===
Cleanup completato
=== Verifica dimensioni file ===
Dimensioni file OK
=== Compliance Check ===
Compliance check salvato: /Users/rafapra/Developer/CervellaSwarm/.sncp/reports/daily/compliance_2026-01-28.txt
Compliance OK!
=== Statistiche SNCP ===
  cervellaswarm: 140 file
  cervellatrading: 2 file
  contabilita: 8 file
  creatormetrics: 1 file
  crypto-research: 16 file
  menumaster: 3 file
  miracollo: 348 file
  rafafreelance: 1 file
  Dimensione totale SNCP:  11M

Manutenzione completata!
============================================

============================================
SNCP DAILY MAINTENANCE - 2026-01-29
============================================
=== SNCP Daily Health Check ===
Health check salvato: /Users/rafapra/Developer/CervellaSwarm/.sncp/reports/daily/health_2026-01-29.txt
Tutto OK!
=== Cleanup file temporanei ===
Cleanup completato
=== Verifica dimensioni file ===
WARNING: cervellatrader/PROMPT_RIPRESA ha 161 righe (max 150)
WARNING: cervellatrading/PROMPT_RIPRESA ha 179 righe (max 150)
WARNING: 2 file sopra limite (ma sotto auto-compact)
=== Compliance Check ===
Compliance check salvato: /Users/rafapra/Developer/CervellaSwarm/.sncp/reports/daily/compliance_2026-01-29.txt
Compliance OK!
=== Statistiche SNCP ===
  cervellaswarm: 143 file
  cervellatrader: 1 file
  cervellatrading: 2 file
  contabilita: 8 file
  creatormetrics: 7 file
  crypto-research: 16 file
  menumaster: 3 file
  miracollo: 348 file
  rafafreelance: 2 file
  saasexplorer: 2 file
  Dimensione totale SNCP:  12M

Manutenzione completata!
============================================

============================================
SNCP DAILY MAINTENANCE - 2026-01-29
============================================
=== SNCP Daily Health Check ===
Health check salvato: /Users/rafapra/Developer/CervellaSwarm/.sncp/reports/daily/health_2026-01-29.txt
Tutto OK!
=== Cleanup file temporanei ===
Cleanup completato
=== Verifica dimensioni file ===
Dimensioni file OK
=== Compliance Check ===
Compliance check salvato: /Users/rafapra/Developer/CervellaSwarm/.sncp/reports/daily/compliance_2026-01-29.txt
Compliance OK!
=== Statistiche SNCP ===
  cervellaswarm: 143 file
  cervellatrader: 1 file
  cervellatrading: 3 file
  contabilita: 8 file
  creatormetrics: 7 file
  crypto-research: 16 file
  menumaster: 3 file
  miracollo: 366 file
  rafafreelance: 2 file
  saasexplorer: 2 file
  Dimensione totale SNCP:  12M

Manutenzione completata!
============================================

============================================
SNCP DAILY MAINTENANCE - 2026-01-30
============================================
=== SNCP Daily Health Check ===
Health check salvato: /Users/rafapra/Developer/CervellaSwarm/.sncp/reports/daily/health_2026-01-30.txt
Tutto OK!
=== Cleanup file temporanei ===
Cleanup completato
=== Verifica dimensioni file ===
Dimensioni file OK
=== Compliance Check ===
Compliance check salvato: /Users/rafapra/Developer/CervellaSwarm/.sncp/reports/daily/compliance_2026-01-30.txt
Compliance OK!
=== Statistiche SNCP ===
  cervellaswarm: 144 file
  cervellatrader: 1 file
  cervellatrading: 3 file
  contabilita: 8 file
  creatormetrics: 7 file
  crypto-research: 16 file
  menumaster: 3 file
  miracollo: 370 file
  rafafreelance: 2 file
  saasexplorer: 2 file
  Dimensione totale SNCP:  12M

Manutenzione completata!
============================================

============================================
SNCP DAILY MAINTENANCE - 2026-01-31
============================================
=== SNCP Daily Health Check ===
Health check salvato: /Users/rafapra/Developer/CervellaSwarm/.sncp/reports/daily/health_2026-01-31.txt
Tutto OK!
=== Cleanup file temporanei ===
Cleanup completato
=== Verifica dimensioni file ===
Dimensioni file OK
=== Compliance Check ===
Compliance check salvato: /Users/rafapra/Developer/CervellaSwarm/.sncp/reports/daily/compliance_2026-01-31.txt
Compliance OK!
=== Statistiche SNCP ===
  cervellaswarm: 144 file
  cervellatrader: 1 file
  cervellatrading: 3 file
  contabilita: 8 file
  creatormetrics: 7 file
  crypto-research: 16 file
  menumaster: 3 file
  miracollo: 375 file
  rafafreelance: 2 file
  saasexplorer: 2 file
  Dimensione totale SNCP:  12M

Manutenzione completata!
============================================

============================================
SNCP DAILY MAINTENANCE - 2026-02-01
============================================
=== SNCP Daily Health Check ===
Health check salvato: /Users/rafapra/Developer/CervellaSwarm/.sncp/reports/daily/health_2026-02-01.txt
Tutto OK!
=== Cleanup file temporanei ===
Cleanup completato
=== Verifica dimensioni file ===
Dimensioni file OK
=== Compliance Check ===
Compliance check salvato: /Users/rafapra/Developer/CervellaSwarm/.sncp/reports/daily/compliance_2026-02-01.txt
Compliance OK!
=== Statistiche SNCP ===
  cervellaswarm: 145 file
  cervellatrader: 1 file
  cervellatrading: 3 file
  contabilita: 8 file
  creatormetrics: 7 file
  crypto-research: 16 file
  menumaster: 3 file
  miracollo: 375 file
  rafafreelance: 2 file
  saasexplorer: 2 file
  Dimensione totale SNCP:  12M

Manutenzione completata!
============================================

============================================
SNCP DAILY MAINTENANCE - 2026-02-02
============================================
=== SNCP Daily Health Check ===
Health check salvato: /Users/rafapra/Developer/CervellaSwarm/.sncp/reports/daily/health_2026-02-02.txt
Tutto OK!
=== Cleanup file temporanei ===
Cleanup completato
=== Verifica dimensioni file ===
Dimensioni file OK
=== Compliance Check ===
Compliance check salvato: /Users/rafapra/Developer/CervellaSwarm/.sncp/reports/daily/compliance_2026-02-02.txt
Compliance OK!
=== Statistiche SNCP ===
  cervellaswarm: 145 file
  cervellatrader: 1 file
  cervellatrading: 3 file
  contabilita: 8 file
  creatormetrics: 7 file
  crypto-research: 16 file
  menumaster: 3 file
  miracollo: 375 file
  rafafreelance: 2 file
  saasexplorer: 2 file
  Dimensione totale SNCP:  12M

Manutenzione completata!
============================================

============================================
SNCP DAILY MAINTENANCE - 2026-02-03
============================================
=== SNCP Daily Health Check ===
Health check salvato: /Users/rafapra/Developer/CervellaSwarm/.sncp/reports/daily/health_2026-02-03.txt
Tutto OK!
=== Cleanup file temporanei ===
Cleanup completato
=== Verifica dimensioni file ===
Dimensioni file OK
=== Compliance Check ===
Compliance check salvato: /Users/rafapra/Developer/CervellaSwarm/.sncp/reports/daily/compliance_2026-02-03.txt
Compliance OK!
=== Statistiche SNCP ===
  cervellaswarm: 148 file
  cervellatrader: 1 file
  cervellatrading: 4 file
  contabilita: 9 file
  creatormetrics: 7 file
  crypto-research: 16 file
  menumaster: 3 file
  miracollo: 376 file
  rafafreelance: 2 file
  saasexplorer: 3 file
  Dimensione totale SNCP:  12M

Manutenzione completata!
============================================

============================================
SNCP DAILY MAINTENANCE - 2026-02-03
============================================
=== SNCP Daily Health Check ===
Health check salvato: /Users/rafapra/Developer/CervellaSwarm/.sncp/reports/daily/health_2026-02-03.txt
Tutto OK!
=== Cleanup file temporanei ===
Cleanup completato
=== Verifica dimensioni file ===
Dimensioni file OK
=== Compliance Check ===
Compliance check salvato: /Users/rafapra/Developer/CervellaSwarm/.sncp/reports/daily/compliance_2026-02-03.txt
Compliance OK!
=== Statistiche SNCP ===
  cervellaswarm: 148 file
  cervellatrader: 1 file
  cervellatrading: 4 file
  contabilita: 9 file
  creatormetrics: 7 file
  crypto-research: 16 file
  menumaster: 3 file
  miracollo: 376 file
  rafafreelance: 2 file
  saasexplorer: 3 file
  Dimensione totale SNCP:  12M

Manutenzione completata!
============================================
