[2026-01-14 21:08:14] 
[2026-01-14 21:08:14] ============================================
[2026-01-14 21:08:14] SNCP WEEKLY ARCHIVE - 2026-W03
[2026-01-14 21:08:14] ============================================
[2026-01-14 21:08:14] 
[2026-01-14 21:08:14] --- Progetto: cervellaswarm ---
[2026-01-14 21:08:14]   Nessun file da archiviare
[2026-01-14 21:08:14] --- Progetto: contabilita ---
[2026-01-14 21:08:14]   Nessun file da archiviare
[2026-01-14 21:08:14] --- Progetto: crypto-research ---
[2026-01-14 21:08:14]   Nessun file da archiviare
[2026-01-14 21:08:14] --- Progetto: menumaster ---
[2026-01-14 21:08:14]   Nessun file da archiviare
[2026-01-14 21:08:14] --- Progetto: miracollo ---
[2026-01-14 21:08:14]   Nessun file da archiviare
[2026-01-14 21:08:14] === Pulizia archivi vecchi (> 90 giorni) ===
[2026-01-14 21:08:14] Pulizia archivi completata
[2026-01-14 21:08:14] === Report Settimanale ===
[2026-01-14 21:08:14] Report generato: /Users/rafapra/Developer/CervellaSwarm/.sncp/archivio/2026-W03/REPORT.md
[2026-01-14 21:08:14] 
[2026-01-14 21:08:14] Archiviazione settimanale completata!
[2026-01-14 21:08:14] ============================================
[2026-01-19 06:00:05] 
[2026-01-19 06:00:05] ============================================
[2026-01-19 06:00:05] SNCP WEEKLY ARCHIVE - 2026-W04
[2026-01-19 06:00:05] ============================================
[2026-01-19 06:00:05] 
[2026-01-19 06:00:05] --- Progetto: cervellaswarm ---
[2026-01-19 06:00:05]   Nessun file da archiviare
[2026-01-19 06:00:05] --- Progetto: contabilita ---
[2026-01-19 06:00:05]   Nessun file da archiviare
[2026-01-19 06:00:05] --- Progetto: crypto-research ---
[2026-01-19 06:00:05]   Nessun file da archiviare
[2026-01-19 06:00:05] --- Progetto: menumaster ---
[2026-01-19 06:00:05]   Nessun file da archiviare
[2026-01-19 06:00:05] --- Progetto: miracollo ---
[2026-01-19 06:00:05]   Nessun file da archiviare
[2026-01-19 06:00:05] === Pulizia archivi vecchi (> 90 giorni) ===
[2026-01-19 06:00:05] Pulizia archivi completata
[2026-01-19 06:00:05] === Report Settimanale ===
[2026-01-19 06:00:05] Report generato: /Users/rafapra/Developer/CervellaSwarm/.sncp/archivio/2026-W04/REPORT.md
[2026-01-19 06:00:05] 
[2026-01-19 06:00:05] Archiviazione settimanale completata!
[2026-01-19 06:00:05] ============================================
