[2026-01-14 21:08:01] 
[2026-01-14 21:08:01] ============================================
[2026-01-14 21:08:01] SNCP DAILY MAINTENANCE - 2026-01-14
[2026-01-14 21:08:01] ============================================
[2026-01-14 21:08:01] === SNCP Daily Health Check ===
[2026-01-14 21:08:01] Health check salvato: /Users/rafapra/Developer/CervellaSwarm/.sncp/reports/daily/health_2026-01-14.txt
[2026-01-14 21:08:01] Warning: 1 issue trovati
[2026-01-14 21:08:01] === Cleanup file temporanei ===
[2026-01-14 21:08:01] Cleanup completato
[2026-01-14 21:08:01] === Verifica dimensioni file ===
[2026-01-14 21:08:01] WARNING: miracollo/stato.md ha 488 righe (max 300)
[2026-01-14 21:08:01] ATTENZIONE: 1 file troppo grandi - considera compattazione
[2026-01-14 21:08:01] === Statistiche SNCP ===
[2026-01-14 21:08:01]   cervellaswarm: 37 file
[2026-01-14 21:08:01]   contabilita: 1 file
[2026-01-14 21:08:01]   crypto-research: 16 file
[2026-01-14 21:08:01]   menumaster: 3 file
[2026-01-14 21:08:01]   miracollo: 235 file
[2026-01-14 21:08:01]   Dimensione totale SNCP: 6.5M
[2026-01-14 21:08:01] 
[2026-01-14 21:08:01] Manutenzione completata!
[2026-01-14 21:08:01] ============================================
[2026-01-14 21:09:56] 
[2026-01-14 21:09:56] ============================================
[2026-01-14 21:09:56] SNCP DAILY MAINTENANCE - 2026-01-14
[2026-01-14 21:09:56] ============================================
[2026-01-14 21:09:56] === SNCP Daily Health Check ===
[2026-01-14 21:09:56] Health check salvato: /Users/rafapra/Developer/CervellaSwarm/.sncp/reports/daily/health_2026-01-14.txt
[2026-01-14 21:09:56] Warning: 1 issue trovati
[2026-01-14 21:09:56] === Cleanup file temporanei ===
[2026-01-14 21:09:56] Cleanup completato
[2026-01-14 21:09:56] === Verifica dimensioni file ===
[2026-01-14 21:09:56] WARNING: miracollo/stato.md ha 488 righe (max 300)
[2026-01-14 21:09:56] ATTENZIONE: 1 file troppo grandi - considera compattazione
[2026-01-14 21:09:56] === Statistiche SNCP ===
[2026-01-14 21:09:56]   cervellaswarm: 37 file
[2026-01-14 21:09:56]   contabilita: 1 file
[2026-01-14 21:09:56]   crypto-research: 16 file
[2026-01-14 21:09:56]   menumaster: 3 file
[2026-01-14 21:09:56]   miracollo: 235 file
[2026-01-14 21:09:56]   Dimensione totale SNCP: 6.5M
[2026-01-14 21:09:56] 
[2026-01-14 21:09:56] Manutenzione completata!
[2026-01-14 21:09:56] ============================================
[2026-01-15 01:34:16] 
[2026-01-15 01:34:16] ============================================
[2026-01-15 01:34:16] SNCP DAILY MAINTENANCE - 2026-01-15
[2026-01-15 01:34:16] ============================================
[2026-01-15 01:34:16] === SNCP Daily Health Check ===
[2026-01-15 01:34:16] Health check salvato: /Users/rafapra/Developer/CervellaSwarm/.sncp/reports/daily/health_2026-01-15.txt
[2026-01-15 01:34:16] Warning: 2 issue trovati
[2026-01-15 01:34:16] === Cleanup file temporanei ===
[2026-01-15 01:34:16] Cleanup completato
[2026-01-15 01:34:16] === Verifica dimensioni file ===
[2026-01-15 01:34:16] WARNING: miracollo/stato.md ha 554 righe (max 300)
[2026-01-15 01:34:16] ATTENZIONE: 1 file troppo grandi - considera compattazione
[2026-01-15 01:34:16] === Statistiche SNCP ===
[2026-01-15 01:34:16]   cervellaswarm: 40 file
[2026-01-15 01:34:16]   contabilita: 1 file
[2026-01-15 01:34:16]   crypto-research: 16 file
[2026-01-15 01:34:16]   menumaster: 3 file
[2026-01-15 01:34:16]   miracollo: 245 file
[2026-01-15 01:34:16]   Dimensione totale SNCP: 6.8M
[2026-01-15 01:34:16] 
[2026-01-15 01:34:16] Manutenzione completata!
[2026-01-15 01:34:16] ============================================
[2026-01-15 05:30:36] 
[2026-01-15 05:30:36] ============================================
[2026-01-15 05:30:36] SNCP DAILY MAINTENANCE - 2026-01-15
[2026-01-15 05:30:36] ============================================
[2026-01-15 05:30:36] === SNCP Daily Health Check ===
[2026-01-15 05:30:36] Health check salvato: /Users/rafapra/Developer/CervellaSwarm/.sncp/reports/daily/health_2026-01-15.txt
[2026-01-15 05:30:36] Warning: 2 issue trovati
[2026-01-15 05:30:36] === Cleanup file temporanei ===
[2026-01-15 05:30:36] Cleanup completato
[2026-01-15 05:30:36] === Verifica dimensioni file ===
[2026-01-15 05:30:36] WARNING: cervellaswarm/stato.md ha 388 righe (max 300)
[2026-01-15 05:30:36] WARNING: miracollo/stato.md ha 712 righe (max 300)
[2026-01-15 05:30:36] ATTENZIONE: 2 file troppo grandi - considera compattazione
[2026-01-15 05:30:36] === Statistiche SNCP ===
[2026-01-15 05:30:36]   cervellaswarm: 48 file
[2026-01-15 05:30:36]   contabilita: 1 file
[2026-01-15 05:30:36]   crypto-research: 16 file
[2026-01-15 05:30:36]   menumaster: 3 file
[2026-01-15 05:30:36]   miracollo: 251 file
[2026-01-15 05:30:36]   Dimensione totale SNCP: 7.0M
[2026-01-15 05:30:36] 
[2026-01-15 05:30:36] Manutenzione completata!
[2026-01-15 05:30:36] ============================================
[2026-01-15 08:30:05] 
[2026-01-15 08:30:05] ============================================
[2026-01-15 08:30:05] SNCP DAILY MAINTENANCE - 2026-01-15
[2026-01-15 08:30:05] ============================================
[2026-01-15 08:30:05] === SNCP Daily Health Check ===
[2026-01-15 08:30:05] Health check salvato: /Users/rafapra/Developer/CervellaSwarm/.sncp/reports/daily/health_2026-01-15.txt
[2026-01-15 08:30:05] Warning: 2 issue trovati
[2026-01-15 08:30:05] === Cleanup file temporanei ===
[2026-01-15 08:30:05] Cleanup completato
[2026-01-15 08:30:05] === Verifica dimensioni file ===
[2026-01-15 08:30:05] WARNING: cervellaswarm/stato.md ha 388 righe (max 300)
[2026-01-15 08:30:05] WARNING: miracollo/stato.md ha 712 righe (max 300)
[2026-01-15 08:30:05] ATTENZIONE: 2 file troppo grandi - considera compattazione
[2026-01-15 08:30:05] === Statistiche SNCP ===
[2026-01-15 08:30:05]   cervellaswarm: 59 file
[2026-01-15 08:30:05]   contabilita: 2 file
[2026-01-15 08:30:05]   crypto-research: 16 file
[2026-01-15 08:30:05]   menumaster: 3 file
[2026-01-15 08:30:05]   miracollo: 260 file
[2026-01-15 08:30:05]   Dimensione totale SNCP: 7.3M
[2026-01-15 08:30:05] 
[2026-01-15 08:30:05] Manutenzione completata!
[2026-01-15 08:30:05] ============================================
[2026-01-16 02:40:39] 
[2026-01-16 02:40:39] ============================================
[2026-01-16 02:40:39] SNCP DAILY MAINTENANCE - 2026-01-16
[2026-01-16 02:40:39] ============================================
[2026-01-16 02:40:39] === SNCP Daily Health Check ===
[2026-01-16 02:40:39] Health check salvato: /Users/rafapra/Developer/CervellaSwarm/.sncp/reports/daily/health_2026-01-16.txt
[2026-01-16 02:40:39] Warning: 3 issue trovati
[2026-01-16 02:40:39] === Cleanup file temporanei ===
[2026-01-16 02:40:39] Cleanup completato
[2026-01-16 02:40:39] === Verifica dimensioni file ===
[2026-01-16 02:40:39] WARNING: cervellaswarm/stato.md ha 556 righe (max 300)
[2026-01-16 02:40:39] WARNING: miracollo/stato.md ha 712 righe (max 300)
[2026-01-16 02:40:39] ATTENZIONE: 2 file troppo grandi - considera compattazione
[2026-01-16 02:40:39] === Statistiche SNCP ===
[2026-01-16 02:40:39]   cervellaswarm: 73 file
[2026-01-16 02:40:39]   contabilita: 6 file
[2026-01-16 02:40:39]   crypto-research: 16 file
[2026-01-16 02:40:39]   menumaster: 3 file
[2026-01-16 02:40:39]   miracollo: 285 file
[2026-01-16 02:40:39]   Dimensione totale SNCP: 8.3M
[2026-01-16 02:40:39] 
[2026-01-16 02:40:39] Manutenzione completata!
[2026-01-16 02:40:39] ============================================
[2026-01-16 06:55:21] 
[2026-01-16 06:55:21] ============================================
[2026-01-16 06:55:21] SNCP DAILY MAINTENANCE - 2026-01-16
[2026-01-16 06:55:21] ============================================
[2026-01-16 06:55:21] === SNCP Daily Health Check ===
[2026-01-16 06:55:21] Health check salvato: /Users/rafapra/Developer/CervellaSwarm/.sncp/reports/daily/health_2026-01-16.txt
[2026-01-16 06:55:21] Warning: 2 issue trovati
[2026-01-16 06:55:21] === Cleanup file temporanei ===
[2026-01-16 06:55:21] Cleanup completato
[2026-01-16 06:55:21] === Verifica dimensioni file ===
[2026-01-16 06:55:21] WARNING: cervellaswarm/stato.md ha 556 righe (max 300)
[2026-01-16 06:55:21] WARNING: miracollo/stato.md ha 712 righe (max 300)
[2026-01-16 06:55:21] ATTENZIONE: 2 file troppo grandi - considera compattazione
[2026-01-16 06:55:21] === Statistiche SNCP ===
[2026-01-16 06:55:21]   cervellaswarm: 73 file
[2026-01-16 06:55:21]   contabilita: 6 file
[2026-01-16 06:55:21]   crypto-research: 16 file
[2026-01-16 06:55:21]   menumaster: 3 file
[2026-01-16 06:55:21]   miracollo: 295 file
[2026-01-16 06:55:21]   Dimensione totale SNCP: 8.3M
[2026-01-16 06:55:21] 
[2026-01-16 06:55:21] Manutenzione completata!
[2026-01-16 06:55:21] ============================================
[2026-01-16 08:30:02] 
[2026-01-16 08:30:02] ============================================
[2026-01-16 08:30:02] SNCP DAILY MAINTENANCE - 2026-01-16
[2026-01-16 08:30:02] ============================================
[2026-01-16 08:30:02] === SNCP Daily Health Check ===
[2026-01-16 08:30:02] Health check salvato: /Users/rafapra/Developer/CervellaSwarm/.sncp/reports/daily/health_2026-01-16.txt
[2026-01-16 08:30:02] Warning: 2 issue trovati
[2026-01-16 08:30:02] === Cleanup file temporanei ===
[2026-01-16 08:30:02] Cleanup completato
[2026-01-16 08:30:02] === Verifica dimensioni file ===
[2026-01-16 08:30:02] WARNING: cervellaswarm/stato.md ha 556 righe (max 300)
[2026-01-16 08:30:02] WARNING: miracollo/stato.md ha 712 righe (max 300)
[2026-01-16 08:30:02] ATTENZIONE: 2 file troppo grandi - considera compattazione
[2026-01-16 08:30:02] === Statistiche SNCP ===
[2026-01-16 08:30:02]   cervellaswarm: 73 file
[2026-01-16 08:30:02]   contabilita: 6 file
[2026-01-16 08:30:02]   crypto-research: 16 file
[2026-01-16 08:30:02]   menumaster: 3 file
[2026-01-16 08:30:02]   miracollo: 295 file
[2026-01-16 08:30:02]   Dimensione totale SNCP: 8.3M
[2026-01-16 08:30:02] 
[2026-01-16 08:30:02] Manutenzione completata!
[2026-01-16 08:30:02] ============================================
[2026-01-17 03:23:52] 
[2026-01-17 03:23:52] ============================================
[2026-01-17 03:23:52] SNCP DAILY MAINTENANCE - 2026-01-17
[2026-01-17 03:23:52] ============================================
[2026-01-17 03:23:52] === SNCP Daily Health Check ===
[2026-01-17 03:23:52] Health check salvato: /Users/rafapra/Developer/CervellaSwarm/.sncp/reports/daily/health_2026-01-17.txt
[2026-01-17 03:23:52] Warning: 2 issue trovati
[2026-01-17 03:23:52] === Cleanup file temporanei ===
[2026-01-17 03:23:52] Cleanup completato
[2026-01-17 03:23:52] === Verifica dimensioni file ===
[2026-01-17 03:23:52] WARNING: cervellaswarm/stato.md ha 700 righe (max 300)
[2026-01-17 03:23:52] ATTENZIONE: 1 file troppo grandi - considera compattazione
[2026-01-17 03:23:52] === Statistiche SNCP ===
[2026-01-17 03:23:52]   cervellaswarm: 94 file
[2026-01-17 03:23:52]   contabilita: 6 file
[2026-01-17 03:23:52]   crypto-research: 16 file
[2026-01-17 03:23:52]   menumaster: 3 file
[2026-01-17 03:23:52]   miracollo: 337 file
[2026-01-17 03:23:52]   Dimensione totale SNCP: 9.6M
[2026-01-17 03:23:52] 
[2026-01-17 03:23:52] Manutenzione completata!
[2026-01-17 03:23:52] ============================================
[2026-01-17 08:30:05] 
[2026-01-17 08:30:05] ============================================
[2026-01-17 08:30:05] SNCP DAILY MAINTENANCE - 2026-01-17
[2026-01-17 08:30:05] ============================================
[2026-01-17 08:30:05] === SNCP Daily Health Check ===
[2026-01-17 08:30:05] Health check salvato: /Users/rafapra/Developer/CervellaSwarm/.sncp/reports/daily/health_2026-01-17.txt
[2026-01-17 08:30:05] Tutto OK!
[2026-01-17 08:30:05] === Cleanup file temporanei ===
[2026-01-17 08:30:05] Cleanup completato
[2026-01-17 08:30:05] === Verifica dimensioni file ===
[2026-01-17 08:30:05] Dimensioni file OK
[2026-01-17 08:30:05] === Statistiche SNCP ===
[2026-01-17 08:30:05]   cervellaswarm: 95 file
[2026-01-17 08:30:05]   contabilita: 6 file
[2026-01-17 08:30:05]   crypto-research: 16 file
[2026-01-17 08:30:05]   menumaster: 3 file
[2026-01-17 08:30:05]   miracollo: 332 file
[2026-01-17 08:30:05]   Dimensione totale SNCP: 9.5M
[2026-01-17 08:30:05] 
[2026-01-17 08:30:05] Manutenzione completata!
[2026-01-17 08:30:05] ============================================
[2026-01-17 11:47:33] 
[2026-01-17 11:47:33] ============================================
[2026-01-17 11:47:33] SNCP DAILY MAINTENANCE - 2026-01-17
[2026-01-17 11:47:33] ============================================
[2026-01-17 11:47:33] === SNCP Daily Health Check ===
[2026-01-17 11:47:33] Health check salvato: /Users/rafapra/Developer/CervellaSwarm/.sncp/reports/daily/health_2026-01-17.txt
[2026-01-17 11:47:33] Tutto OK!
[2026-01-17 11:47:33] === Cleanup file temporanei ===
[2026-01-17 11:47:33] Cleanup completato
[2026-01-17 11:47:33] === Verifica dimensioni file ===
[2026-01-17 11:47:33] Dimensioni file OK
[2026-01-17 11:47:33] === Compliance Check ===
[2026-01-17 11:47:33] Compliance check salvato: /Users/rafapra/Developer/CervellaSwarm/.sncp/reports/daily/compliance_2026-01-17.txt
[2026-01-17 11:47:33] Compliance OK!
[2026-01-17 11:47:33] === Statistiche SNCP ===
[2026-01-17 11:47:33]   cervellaswarm: 99 file
[2026-01-17 11:47:33]   contabilita: 6 file
[2026-01-17 11:47:33]   crypto-research: 16 file
[2026-01-17 11:47:33]   menumaster: 3 file
[2026-01-17 11:47:33]   miracollo: 332 file
[2026-01-17 11:47:33]   Dimensione totale SNCP: 9.6M
[2026-01-17 11:47:33] 
[2026-01-17 11:47:33] Manutenzione completata!
[2026-01-17 11:47:33] ============================================
[2026-01-17 11:47:44] 
[2026-01-17 11:47:44] ============================================
[2026-01-17 11:47:44] SNCP DAILY MAINTENANCE - 2026-01-17
[2026-01-17 11:47:44] ============================================
[2026-01-17 11:47:44] === SNCP Daily Health Check ===
[2026-01-17 11:47:44] Health check salvato: /Users/rafapra/Developer/CervellaSwarm/.sncp/reports/daily/health_2026-01-17.txt
[2026-01-17 11:47:44] Tutto OK!
[2026-01-17 11:47:44] === Cleanup file temporanei ===
[2026-01-17 11:47:44] Cleanup completato
[2026-01-17 11:47:44] === Verifica dimensioni file ===
[2026-01-17 11:47:44] AUTO-COMPACT: test_autocompact/stato.md ha 450 righe (> 400)

[0;34m+================================================================+[0m
[0;34m|              SNCP COMPACTION                                  |[0m
[0;34m+================================================================+[0m

  File: [0;34m/Users/rafapra/Developer/CervellaSwarm/.sncp/progetti/test_autocompact//stato.md[0m
  Righe attuali: 450
  Limite: 400
  Mantenere: 250

  [1;33m[!][0m Compaction necessaria (450 > 400)

  [0;34m[AUTO][0m Esecuzione automatica...
  [1;33m[COMPACT][0m /Users/rafapra/Developer/CervellaSwarm/.sncp/progetti/test_autocompact//stato.md: 450 righe -> ~250 righe
  [0;32m[BACKUP][0m /Users/rafapra/Developer/CervellaSwarm/.sncp/archivio/2026-01/stato_20260117_114744.md
  [0;32m[DONE][0m Compattato: 450 -> 258 righe (-192)

[0;34m+================================================================+[0m

[2026-01-17 11:47:44]   -> Compattato automaticamente
[2026-01-17 11:47:44] AUTO-COMPACT: 1 file compattati automaticamente
[2026-01-17 11:47:44] Dimensioni file OK
[2026-01-17 11:47:44] === Compliance Check ===
[2026-01-17 11:47:44] Compliance check salvato: /Users/rafapra/Developer/CervellaSwarm/.sncp/reports/daily/compliance_2026-01-17.txt
[2026-01-17 11:47:44] Compliance OK!
[2026-01-17 11:47:44] === Statistiche SNCP ===
[2026-01-17 11:47:44]   cervellaswarm: 99 file
[2026-01-17 11:47:44]   contabilita: 6 file
[2026-01-17 11:47:44]   crypto-research: 16 file
[2026-01-17 11:47:44]   menumaster: 3 file
[2026-01-17 11:47:44]   miracollo: 332 file
[2026-01-17 11:47:44]   test_autocompact: 1 file
[2026-01-17 11:47:44]   Dimensione totale SNCP: 9.6M
[2026-01-17 11:47:44] 
[2026-01-17 11:47:44] Manutenzione completata!
[2026-01-17 11:47:44] ============================================
[2026-01-18 05:31:46] 
[2026-01-18 05:31:46] ============================================
[2026-01-18 05:31:46] SNCP DAILY MAINTENANCE - 2026-01-18
[2026-01-18 05:31:46] ============================================
[2026-01-18 05:31:46] === SNCP Daily Health Check ===
[2026-01-18 05:31:46] Health check salvato: /Users/rafapra/Developer/CervellaSwarm/.sncp/reports/daily/health_2026-01-18.txt
[2026-01-18 05:31:46] Warning: 1 issue trovati
[2026-01-18 05:31:46] === Cleanup file temporanei ===
[2026-01-18 05:31:46] Cleanup completato
[2026-01-18 05:31:46] === Verifica dimensioni file ===
[2026-01-18 05:31:46] Dimensioni file OK
[2026-01-18 05:31:46] === Compliance Check ===
[2026-01-18 05:31:46] Compliance check salvato: /Users/rafapra/Developer/CervellaSwarm/.sncp/reports/daily/compliance_2026-01-18.txt
[2026-01-18 05:31:46] Compliance OK!
[2026-01-18 05:31:46] === Statistiche SNCP ===
[2026-01-18 05:31:46]   cervellaswarm: 108 file
[2026-01-18 05:31:46]   contabilita: 6 file
[2026-01-18 05:31:46]   crypto-research: 16 file
[2026-01-18 05:31:46]   menumaster: 3 file
[2026-01-18 05:31:46]   miracollo: 335 file
[2026-01-18 05:31:46]   Dimensione totale SNCP: 9.8M
[2026-01-18 05:31:46] 
[2026-01-18 05:31:46] Manutenzione completata!
[2026-01-18 05:31:46] ============================================
[2026-01-18 08:30:05] 
[2026-01-18 08:30:05] ============================================
[2026-01-18 08:30:05] SNCP DAILY MAINTENANCE - 2026-01-18
[2026-01-18 08:30:05] ============================================
[2026-01-18 08:30:05] === SNCP Daily Health Check ===
[2026-01-18 08:30:05] Health check salvato: /Users/rafapra/Developer/CervellaSwarm/.sncp/reports/daily/health_2026-01-18.txt
[2026-01-18 08:30:05] Tutto OK!
[2026-01-18 08:30:05] === Cleanup file temporanei ===
[2026-01-18 08:30:05] Cleanup completato
[2026-01-18 08:30:05] === Verifica dimensioni file ===
[2026-01-18 08:30:05] Dimensioni file OK
[2026-01-18 08:30:05] === Compliance Check ===
[2026-01-18 08:30:05] Compliance check salvato: /Users/rafapra/Developer/CervellaSwarm/.sncp/reports/daily/compliance_2026-01-18.txt
[2026-01-18 08:30:05] Compliance OK!
[2026-01-18 08:30:05] === Statistiche SNCP ===
[2026-01-18 08:30:05]   cervellaswarm: 108 file
[2026-01-18 08:30:05]   contabilita: 6 file
[2026-01-18 08:30:05]   crypto-research: 16 file
[2026-01-18 08:30:05]   menumaster: 3 file
[2026-01-18 08:30:05]   miracollo: 335 file
[2026-01-18 08:30:05]   Dimensione totale SNCP: 9.8M
[2026-01-18 08:30:05] 
[2026-01-18 08:30:05] Manutenzione completata!
[2026-01-18 08:30:05] ============================================
[2026-01-19 08:30:05] 
[2026-01-19 08:30:05] ============================================
[2026-01-19 08:30:05] SNCP DAILY MAINTENANCE - 2026-01-19
[2026-01-19 08:30:05] ============================================
[2026-01-19 08:30:05] === SNCP Daily Health Check ===
[2026-01-19 08:30:05] Health check salvato: /Users/rafapra/Developer/CervellaSwarm/.sncp/reports/daily/health_2026-01-19.txt
[2026-01-19 08:30:05] Tutto OK!
[2026-01-19 08:30:05] === Cleanup file temporanei ===
[2026-01-19 08:30:05] Cleanup completato
[2026-01-19 08:30:05] === Verifica dimensioni file ===
[2026-01-19 08:30:05] Dimensioni file OK
[2026-01-19 08:30:05] === Compliance Check ===
[2026-01-19 08:30:05] Compliance check salvato: /Users/rafapra/Developer/CervellaSwarm/.sncp/reports/daily/compliance_2026-01-19.txt
[2026-01-19 08:30:05] Compliance OK!
[2026-01-19 08:30:05] === Statistiche SNCP ===
[2026-01-19 08:30:05]   cervellaswarm: 114 file
[2026-01-19 08:30:05]   contabilita: 8 file
[2026-01-19 08:30:05]   crypto-research: 16 file
[2026-01-19 08:30:05]   menumaster: 3 file
[2026-01-19 08:30:05]   miracollo: 339 file
[2026-01-19 08:30:05]   Dimensione totale SNCP:  10M
[2026-01-19 08:30:05] 
[2026-01-19 08:30:05] Manutenzione completata!
[2026-01-19 08:30:05] ============================================
[2026-01-19 18:04:54] 
[2026-01-19 18:04:54] ============================================
[2026-01-19 18:04:54] SNCP DAILY MAINTENANCE - 2026-01-19
[2026-01-19 18:04:54] ============================================
[2026-01-19 18:04:54] === SNCP Daily Health Check ===
[2026-01-19 18:04:54] Health check salvato: /Users/rafapra/Developer/CervellaSwarm/.sncp/reports/daily/health_2026-01-19.txt
[2026-01-19 18:04:54] Tutto OK!
[2026-01-19 18:04:54] === Cleanup file temporanei ===
[2026-01-19 18:04:54] Cleanup completato
[2026-01-19 18:04:54] === Verifica dimensioni file ===
[2026-01-19 18:04:54] Dimensioni file OK
[2026-01-19 18:04:54] === Compliance Check ===
[2026-01-19 18:04:54] Compliance check salvato: /Users/rafapra/Developer/CervellaSwarm/.sncp/reports/daily/compliance_2026-01-19.txt
[2026-01-19 18:04:54] Compliance OK!
[2026-01-19 18:04:54] === Statistiche SNCP ===
[2026-01-19 18:04:54]   cervellaswarm: 117 file
[2026-01-19 18:04:54]   contabilita: 8 file
[2026-01-19 18:04:54]   crypto-research: 16 file
[2026-01-19 18:04:54]   menumaster: 3 file
[2026-01-19 18:04:54]   miracollo: 342 file
[2026-01-19 18:04:54]   Dimensione totale SNCP:  10M
[2026-01-19 18:04:54] 
[2026-01-19 18:04:54] Manutenzione completata!
[2026-01-19 18:04:54] ============================================
[2026-01-20 02:33:26] 
[2026-01-20 02:33:26] ============================================
[2026-01-20 02:33:26] SNCP DAILY MAINTENANCE - 2026-01-20
[2026-01-20 02:33:26] ============================================
[2026-01-20 02:33:26] === SNCP Daily Health Check ===
[2026-01-20 02:33:26] Health check salvato: /Users/rafapra/Developer/CervellaSwarm/.sncp/reports/daily/health_2026-01-20.txt
[2026-01-20 02:33:26] Warning: 1 issue trovati
[2026-01-20 02:33:26] === Cleanup file temporanei ===
[2026-01-20 02:33:26] Cleanup completato
[2026-01-20 02:33:26] === Verifica dimensioni file ===
[2026-01-20 02:33:26] Dimensioni file OK
[2026-01-20 02:33:26] === Compliance Check ===
[2026-01-20 02:33:26] Compliance check salvato: /Users/rafapra/Developer/CervellaSwarm/.sncp/reports/daily/compliance_2026-01-20.txt
[2026-01-20 02:33:26] Compliance OK!
[2026-01-20 02:33:26] === Statistiche SNCP ===
[2026-01-20 02:33:26]   cervellaswarm: 117 file
[2026-01-20 02:33:26]   contabilita: 8 file
[2026-01-20 02:33:26]   crypto-research: 16 file
[2026-01-20 02:33:26]   menumaster: 3 file
[2026-01-20 02:33:26]   miracollo: 342 file
[2026-01-20 02:33:26]   Dimensione totale SNCP:  10M
[2026-01-20 02:33:26] 
[2026-01-20 02:33:26] Manutenzione completata!
[2026-01-20 02:33:26] ============================================
[2026-01-20 08:30:06] 
[2026-01-20 08:30:06] ============================================
[2026-01-20 08:30:06] SNCP DAILY MAINTENANCE - 2026-01-20
[2026-01-20 08:30:06] ============================================
[2026-01-20 08:30:06] === SNCP Daily Health Check ===
[2026-01-20 08:30:06] Health check salvato: /Users/rafapra/Developer/CervellaSwarm/.sncp/reports/daily/health_2026-01-20.txt
[2026-01-20 08:30:06] Tutto OK!
[2026-01-20 08:30:06] === Cleanup file temporanei ===
[2026-01-20 08:30:06] Cleanup completato
[2026-01-20 08:30:06] === Verifica dimensioni file ===
[2026-01-20 08:30:06] Dimensioni file OK
[2026-01-20 08:30:06] === Compliance Check ===
[2026-01-20 08:30:06] Compliance check salvato: /Users/rafapra/Developer/CervellaSwarm/.sncp/reports/daily/compliance_2026-01-20.txt
[2026-01-20 08:30:06] Compliance OK!
[2026-01-20 08:30:06] === Statistiche SNCP ===
[2026-01-20 08:30:06]   cervellaswarm: 122 file
[2026-01-20 08:30:06]   contabilita: 8 file
[2026-01-20 08:30:06]   crypto-research: 16 file
[2026-01-20 08:30:06]   menumaster: 3 file
[2026-01-20 08:30:06]   miracollo: 342 file
[2026-01-20 08:30:06]   Dimensione totale SNCP:  11M
[2026-01-20 08:30:06] 
[2026-01-20 08:30:06] Manutenzione completata!
[2026-01-20 08:30:06] ============================================
[2026-01-20 11:55:30] 
[2026-01-20 11:55:30] ============================================
[2026-01-20 11:55:30] SNCP DAILY MAINTENANCE - 2026-01-20
[2026-01-20 11:55:30] ============================================
[2026-01-20 11:55:30] === SNCP Daily Health Check ===
[2026-01-20 11:55:30] Health check salvato: /Users/rafapra/Developer/CervellaSwarm/.sncp/reports/daily/health_2026-01-20.txt
[2026-01-20 11:55:30] Tutto OK!
[2026-01-20 11:55:30] === Cleanup file temporanei ===
[2026-01-20 11:55:30] Cleanup completato
[2026-01-20 11:55:30] === Verifica dimensioni file ===
[2026-01-20 11:55:30] Dimensioni file OK
[2026-01-20 11:55:30] === Compliance Check ===
[2026-01-20 11:55:30] Compliance check salvato: /Users/rafapra/Developer/CervellaSwarm/.sncp/reports/daily/compliance_2026-01-20.txt
[2026-01-20 11:55:30] Compliance OK!
[2026-01-20 11:55:30] === Statistiche SNCP ===
[2026-01-20 11:55:30]   cervellaswarm: 122 file
[2026-01-20 11:55:30]   contabilita: 8 file
[2026-01-20 11:55:30]   crypto-research: 16 file
[2026-01-20 11:55:30]   menumaster: 3 file
[2026-01-20 11:55:30]   miracollo: 342 file
[2026-01-20 11:55:30]   Dimensione totale SNCP:  11M
[2026-01-20 11:55:30] 
[2026-01-20 11:55:30] Manutenzione completata!
[2026-01-20 11:55:30] ============================================
[2026-01-21 06:30:24] 
[2026-01-21 06:30:24] ============================================
[2026-01-21 06:30:24] SNCP DAILY MAINTENANCE - 2026-01-21
[2026-01-21 06:30:24] ============================================
[2026-01-21 06:30:24] === SNCP Daily Health Check ===
[2026-01-21 06:30:24] Health check salvato: /Users/rafapra/Developer/CervellaSwarm/.sncp/reports/daily/health_2026-01-21.txt
[2026-01-21 06:30:24] Tutto OK!
[2026-01-21 06:30:24] === Cleanup file temporanei ===
[2026-01-21 06:30:24] Cleanup completato
[2026-01-21 06:30:24] === Verifica dimensioni file ===
[2026-01-21 06:30:24] Dimensioni file OK
[2026-01-21 06:30:24] === Compliance Check ===
[2026-01-21 06:30:24] Compliance check salvato: /Users/rafapra/Developer/CervellaSwarm/.sncp/reports/daily/compliance_2026-01-21.txt
[2026-01-21 06:30:24] Compliance OK!
[2026-01-21 06:30:24] === Statistiche SNCP ===
[2026-01-21 06:30:24]   cervellaswarm: 132 file
[2026-01-21 06:30:24]   contabilita: 8 file
[2026-01-21 06:30:24]   crypto-research: 16 file
[2026-01-21 06:30:24]   menumaster: 3 file
[2026-01-21 06:30:24]   miracollo: 344 file
[2026-01-21 06:30:24]   Dimensione totale SNCP:  11M
[2026-01-21 06:30:24] 
[2026-01-21 06:30:24] Manutenzione completata!
[2026-01-21 06:30:24] ============================================
[2026-01-21 08:30:05] 
[2026-01-21 08:30:05] ============================================
[2026-01-21 08:30:05] SNCP DAILY MAINTENANCE - 2026-01-21
[2026-01-21 08:30:05] ============================================
[2026-01-21 08:30:05] === SNCP Daily Health Check ===
[2026-01-21 08:30:05] Health check salvato: /Users/rafapra/Developer/CervellaSwarm/.sncp/reports/daily/health_2026-01-21.txt
[2026-01-21 08:30:05] Tutto OK!
[2026-01-21 08:30:05] === Cleanup file temporanei ===
[2026-01-21 08:30:05] Cleanup completato
[2026-01-21 08:30:05] === Verifica dimensioni file ===
[2026-01-21 08:30:05] Dimensioni file OK
[2026-01-21 08:30:05] === Compliance Check ===
[2026-01-21 08:30:05] Compliance check salvato: /Users/rafapra/Developer/CervellaSwarm/.sncp/reports/daily/compliance_2026-01-21.txt
[2026-01-21 08:30:05] Compliance OK!
[2026-01-21 08:30:05] === Statistiche SNCP ===
[2026-01-21 08:30:05]   cervellaswarm: 134 file
[2026-01-21 08:30:05]   contabilita: 8 file
[2026-01-21 08:30:05]   crypto-research: 16 file
[2026-01-21 08:30:05]   menumaster: 3 file
[2026-01-21 08:30:05]   miracollo: 344 file
[2026-01-21 08:30:05]   Dimensione totale SNCP:  11M
[2026-01-21 08:30:05] 
[2026-01-21 08:30:05] Manutenzione completata!
[2026-01-21 08:30:05] ============================================
[2026-01-21 13:30:05] 
[2026-01-21 13:30:05] ============================================
[2026-01-21 13:30:05] SNCP DAILY MAINTENANCE - 2026-01-21
[2026-01-21 13:30:05] ============================================
[2026-01-21 13:30:05] === SNCP Daily Health Check ===
[2026-01-21 13:30:05] Health check salvato: /Users/rafapra/Developer/CervellaSwarm/.sncp/reports/daily/health_2026-01-21.txt
[2026-01-21 13:30:05] Tutto OK!
[2026-01-21 13:30:05] === Cleanup file temporanei ===
[2026-01-21 13:30:05] Cleanup completato
[2026-01-21 13:30:05] === Verifica dimensioni file ===
[2026-01-21 13:30:05] Dimensioni file OK
[2026-01-21 13:30:05] === Compliance Check ===
[2026-01-21 13:30:05] Compliance check salvato: /Users/rafapra/Developer/CervellaSwarm/.sncp/reports/daily/compliance_2026-01-21.txt
[2026-01-21 13:30:05] Compliance OK!
[2026-01-21 13:30:05] === Statistiche SNCP ===
[2026-01-21 13:30:05]   cervellaswarm: 134 file
[2026-01-21 13:30:05]   contabilita: 8 file
[2026-01-21 13:30:05]   crypto-research: 16 file
[2026-01-21 13:30:05]   menumaster: 3 file
[2026-01-21 13:30:05]   miracollo: 344 file
[2026-01-21 13:30:05]   Dimensione totale SNCP:  11M
[2026-01-21 13:30:05] 
[2026-01-21 13:30:05] Manutenzione completata!
[2026-01-21 13:30:05] ============================================
[2026-01-22 08:30:03] 
[2026-01-22 08:30:03] ============================================
[2026-01-22 08:30:03] SNCP DAILY MAINTENANCE - 2026-01-22
[2026-01-22 08:30:03] ============================================
[2026-01-22 08:30:03] === SNCP Daily Health Check ===
[2026-01-22 08:30:03] Health check salvato: /Users/rafapra/Developer/CervellaSwarm/.sncp/reports/daily/health_2026-01-22.txt
[2026-01-22 08:30:03] Tutto OK!
[2026-01-22 08:30:03] === Cleanup file temporanei ===
[2026-01-22 08:30:03] Cleanup completato
[2026-01-22 08:30:03] === Verifica dimensioni file ===
[2026-01-22 08:30:03] Dimensioni file OK
[2026-01-22 08:30:03] === Compliance Check ===
[2026-01-22 08:30:03] Compliance check salvato: /Users/rafapra/Developer/CervellaSwarm/.sncp/reports/daily/compliance_2026-01-22.txt
[2026-01-22 08:30:03] Compliance OK!
[2026-01-22 08:30:03] === Statistiche SNCP ===
[2026-01-22 08:30:03]   cervellaswarm: 134 file
[2026-01-22 08:30:03]   contabilita: 8 file
[2026-01-22 08:30:03]   crypto-research: 16 file
[2026-01-22 08:30:03]   menumaster: 3 file
[2026-01-22 08:30:03]   miracollo: 344 file
[2026-01-22 08:30:03]   Dimensione totale SNCP:  11M
[2026-01-22 08:30:03] 
[2026-01-22 08:30:03] Manutenzione completata!
[2026-01-22 08:30:03] ============================================
[2026-01-22 23:22:23] 
[2026-01-22 23:22:23] ============================================
[2026-01-22 23:22:23] SNCP DAILY MAINTENANCE - 2026-01-22
[2026-01-22 23:22:23] ============================================
[2026-01-22 23:22:23] === SNCP Daily Health Check ===
[2026-01-22 23:22:23] Health check salvato: /Users/rafapra/Developer/CervellaSwarm/.sncp/reports/daily/health_2026-01-22.txt
[2026-01-22 23:22:23] Tutto OK!
[2026-01-22 23:22:23] === Cleanup file temporanei ===
[2026-01-22 23:22:23] Cleanup completato
[2026-01-22 23:22:23] === Verifica dimensioni file ===
[2026-01-22 23:22:23] Dimensioni file OK
[2026-01-22 23:22:23] === Compliance Check ===
[2026-01-22 23:22:23] Compliance check salvato: /Users/rafapra/Developer/CervellaSwarm/.sncp/reports/daily/compliance_2026-01-22.txt
[2026-01-22 23:22:23] Compliance OK!
[2026-01-22 23:22:23] === Statistiche SNCP ===
[2026-01-22 23:22:23]   cervellaswarm: 136 file
[2026-01-22 23:22:23]   contabilita: 8 file
[2026-01-22 23:22:23]   crypto-research: 16 file
[2026-01-22 23:22:23]   menumaster: 3 file
[2026-01-22 23:22:23]   miracollo: 348 file
[2026-01-22 23:22:23]   Dimensione totale SNCP:  11M
[2026-01-22 23:22:23] 
[2026-01-22 23:22:23] Manutenzione completata!
[2026-01-22 23:22:23] ============================================
[2026-01-23 06:55:48] 
[2026-01-23 06:55:48] ============================================
[2026-01-23 06:55:48] SNCP DAILY MAINTENANCE - 2026-01-23
[2026-01-23 06:55:48] ============================================
[2026-01-23 06:55:48] === SNCP Daily Health Check ===
[2026-01-23 06:55:48] Health check salvato: /Users/rafapra/Developer/CervellaSwarm/.sncp/reports/daily/health_2026-01-23.txt
[2026-01-23 06:55:48] Tutto OK!
[2026-01-23 06:55:48] === Cleanup file temporanei ===
[2026-01-23 06:55:48] Cleanup completato
[2026-01-23 06:55:48] === Verifica dimensioni file ===
[2026-01-23 06:55:48] Dimensioni file OK
[2026-01-23 06:55:48] === Compliance Check ===
[2026-01-23 06:55:48] Compliance check salvato: /Users/rafapra/Developer/CervellaSwarm/.sncp/reports/daily/compliance_2026-01-23.txt
[2026-01-23 06:55:48] Compliance OK!
[2026-01-23 06:55:48] === Statistiche SNCP ===
[2026-01-23 06:55:48]   cervellaswarm: 139 file
[2026-01-23 06:55:48]   contabilita: 8 file
[2026-01-23 06:55:48]   crypto-research: 16 file
[2026-01-23 06:55:48]   menumaster: 3 file
[2026-01-23 06:55:48]   miracollo: 348 file
[2026-01-23 06:55:48]   rafafreelance: 1 file
[2026-01-23 06:55:48]   Dimensione totale SNCP:  11M
[2026-01-23 06:55:48] 
[2026-01-23 06:55:48] Manutenzione completata!
[2026-01-23 06:55:48] ============================================
[2026-01-23 08:30:05] 
[2026-01-23 08:30:05] ============================================
[2026-01-23 08:30:05] SNCP DAILY MAINTENANCE - 2026-01-23
[2026-01-23 08:30:05] ============================================
[2026-01-23 08:30:05] === SNCP Daily Health Check ===
[2026-01-23 08:30:05] Health check salvato: /Users/rafapra/Developer/CervellaSwarm/.sncp/reports/daily/health_2026-01-23.txt
[2026-01-23 08:30:05] Tutto OK!
[2026-01-23 08:30:05] === Cleanup file temporanei ===
[2026-01-23 08:30:05] Cleanup completato
[2026-01-23 08:30:05] === Verifica dimensioni file ===
[2026-01-23 08:30:05] Dimensioni file OK
[2026-01-23 08:30:05] === Compliance Check ===
[2026-01-23 08:30:05] Compliance check salvato: /Users/rafapra/Developer/CervellaSwarm/.sncp/reports/daily/compliance_2026-01-23.txt
[2026-01-23 08:30:05] Compliance OK!
[2026-01-23 08:30:05] === Statistiche SNCP ===
[2026-01-23 08:30:05]   cervellaswarm: 139 file
[2026-01-23 08:30:05]   contabilita: 8 file
[2026-01-23 08:30:05]   crypto-research: 16 file
[2026-01-23 08:30:05]   menumaster: 3 file
[2026-01-23 08:30:05]   miracollo: 348 file
[2026-01-23 08:30:05]   rafafreelance: 1 file
[2026-01-23 08:30:05]   Dimensione totale SNCP:  11M
[2026-01-23 08:30:05] 
[2026-01-23 08:30:05] Manutenzione completata!
[2026-01-23 08:30:05] ============================================
[2026-01-23 19:44:00] 
[2026-01-23 19:44:00] ============================================
[2026-01-23 19:44:00] SNCP DAILY MAINTENANCE - 2026-01-23
[2026-01-23 19:44:00] ============================================
[2026-01-23 19:44:00] === SNCP Daily Health Check ===
[2026-01-23 19:44:00] Health check salvato: /Users/rafapra/Developer/CervellaSwarm/.sncp/reports/daily/health_2026-01-23.txt
[2026-01-23 19:44:00] Tutto OK!
[2026-01-23 19:44:00] === Cleanup file temporanei ===
[2026-01-23 19:44:00] Cleanup completato
[2026-01-23 19:44:00] === Verifica dimensioni file ===
[2026-01-23 19:44:00] Dimensioni file OK
[2026-01-23 19:44:00] === Compliance Check ===
[2026-01-23 19:44:00] Compliance check salvato: /Users/rafapra/Developer/CervellaSwarm/.sncp/reports/daily/compliance_2026-01-23.txt
[2026-01-23 19:44:00] Compliance OK!
[2026-01-23 19:44:00] === Statistiche SNCP ===
[2026-01-23 19:44:00]   cervellaswarm: 139 file
[2026-01-23 19:44:00]   contabilita: 8 file
[2026-01-23 19:44:00]   crypto-research: 16 file
[2026-01-23 19:44:00]   menumaster: 3 file
[2026-01-23 19:44:00]   miracollo: 348 file
[2026-01-23 19:44:00]   rafafreelance: 1 file
[2026-01-23 19:44:00]   Dimensione totale SNCP:  11M
[2026-01-23 19:44:00] 
[2026-01-23 19:44:00] Manutenzione completata!
[2026-01-23 19:44:00] ============================================
[2026-01-24 06:53:14] 
[2026-01-24 06:53:14] ============================================
[2026-01-24 06:53:14] SNCP DAILY MAINTENANCE - 2026-01-24
[2026-01-24 06:53:14] ============================================
[2026-01-24 06:53:14] === SNCP Daily Health Check ===
[2026-01-24 06:53:14] Health check salvato: /Users/rafapra/Developer/CervellaSwarm/.sncp/reports/daily/health_2026-01-24.txt
[2026-01-24 06:53:14] Tutto OK!
[2026-01-24 06:53:14] === Cleanup file temporanei ===
[2026-01-24 06:53:14] Cleanup completato
[2026-01-24 06:53:14] === Verifica dimensioni file ===
[2026-01-24 06:53:14] Dimensioni file OK
[2026-01-24 06:53:14] === Compliance Check ===
[2026-01-24 06:53:14] Compliance check salvato: /Users/rafapra/Developer/CervellaSwarm/.sncp/reports/daily/compliance_2026-01-24.txt
[2026-01-24 06:53:14] Compliance OK!
[2026-01-24 06:53:14] === Statistiche SNCP ===
[2026-01-24 06:53:14]   cervellaswarm: 139 file
[2026-01-24 06:53:14]   contabilita: 8 file
[2026-01-24 06:53:14]   crypto-research: 16 file
[2026-01-24 06:53:14]   menumaster: 3 file
[2026-01-24 06:53:14]   miracollo: 348 file
[2026-01-24 06:53:14]   rafafreelance: 1 file
[2026-01-24 06:53:14]   Dimensione totale SNCP:  11M
[2026-01-24 06:53:14] 
[2026-01-24 06:53:14] Manutenzione completata!
[2026-01-24 06:53:14] ============================================
[2026-01-24 08:30:05] 
[2026-01-24 08:30:05] ============================================
[2026-01-24 08:30:05] SNCP DAILY MAINTENANCE - 2026-01-24
[2026-01-24 08:30:05] ============================================
[2026-01-24 08:30:05] === SNCP Daily Health Check ===
[2026-01-24 08:30:05] Health check salvato: /Users/rafapra/Developer/CervellaSwarm/.sncp/reports/daily/health_2026-01-24.txt
[2026-01-24 08:30:05] Tutto OK!
[2026-01-24 08:30:05] === Cleanup file temporanei ===
[2026-01-24 08:30:05] Cleanup completato
[2026-01-24 08:30:05] === Verifica dimensioni file ===
[2026-01-24 08:30:05] Dimensioni file OK
[2026-01-24 08:30:05] === Compliance Check ===
[2026-01-24 08:30:05] Compliance check salvato: /Users/rafapra/Developer/CervellaSwarm/.sncp/reports/daily/compliance_2026-01-24.txt
[2026-01-24 08:30:05] Compliance OK!
[2026-01-24 08:30:05] === Statistiche SNCP ===
[2026-01-24 08:30:05]   cervellaswarm: 139 file
[2026-01-24 08:30:05]   contabilita: 8 file
[2026-01-24 08:30:05]   crypto-research: 16 file
[2026-01-24 08:30:05]   menumaster: 3 file
[2026-01-24 08:30:05]   miracollo: 348 file
[2026-01-24 08:30:05]   rafafreelance: 1 file
[2026-01-24 08:30:05]   Dimensione totale SNCP:  11M
[2026-01-24 08:30:05] 
[2026-01-24 08:30:05] Manutenzione completata!
[2026-01-24 08:30:05] ============================================
[2026-01-25 08:30:05] 
[2026-01-25 08:30:05] ============================================
[2026-01-25 08:30:05] SNCP DAILY MAINTENANCE - 2026-01-25
[2026-01-25 08:30:05] ============================================
[2026-01-25 08:30:05] === SNCP Daily Health Check ===
[2026-01-25 08:30:05] Health check salvato: /Users/rafapra/Developer/CervellaSwarm/.sncp/reports/daily/health_2026-01-25.txt
[2026-01-25 08:30:05] Tutto OK!
[2026-01-25 08:30:05] === Cleanup file temporanei ===
[2026-01-25 08:30:05] Cleanup completato
[2026-01-25 08:30:05] === Verifica dimensioni file ===
[2026-01-25 08:30:05] WARNING: cervellatrading/PROMPT_RIPRESA ha 151 righe (max 150)
[2026-01-25 08:30:05] WARNING: 1 file sopra limite (ma sotto auto-compact)
[2026-01-25 08:30:05] === Compliance Check ===
[2026-01-25 08:30:05] Compliance check salvato: /Users/rafapra/Developer/CervellaSwarm/.sncp/reports/daily/compliance_2026-01-25.txt
[2026-01-25 08:30:05] Compliance OK!
[2026-01-25 08:30:05] === Statistiche SNCP ===
[2026-01-25 08:30:05]   cervellaswarm: 139 file
[2026-01-25 08:30:05]   cervellatrading: 2 file
[2026-01-25 08:30:05]   contabilita: 8 file
[2026-01-25 08:30:05]   crypto-research: 16 file
[2026-01-25 08:30:05]   menumaster: 3 file
[2026-01-25 08:30:05]   miracollo: 348 file
[2026-01-25 08:30:05]   rafafreelance: 1 file
[2026-01-25 08:30:05]   Dimensione totale SNCP:  11M
[2026-01-25 08:30:05] 
[2026-01-25 08:30:05] Manutenzione completata!
[2026-01-25 08:30:05] ============================================
[2026-01-26 08:40:12] 
[2026-01-26 08:40:12] ============================================
[2026-01-26 08:40:12] SNCP DAILY MAINTENANCE - 2026-01-26
[2026-01-26 08:40:12] ============================================
[2026-01-26 08:40:12] === SNCP Daily Health Check ===
[2026-01-26 08:40:12] Health check salvato: /Users/rafapra/Developer/CervellaSwarm/.sncp/reports/daily/health_2026-01-26.txt
[2026-01-26 08:40:12] Tutto OK!
[2026-01-26 08:40:12] === Cleanup file temporanei ===
[2026-01-26 08:40:12] Cleanup completato
[2026-01-26 08:40:12] === Verifica dimensioni file ===
[2026-01-26 08:40:12] WARNING: cervellatrading/PROMPT_RIPRESA ha 151 righe (max 150)
[2026-01-26 08:40:12] WARNING: 1 file sopra limite (ma sotto auto-compact)
[2026-01-26 08:40:12] === Compliance Check ===
[2026-01-26 08:40:12] Compliance check salvato: /Users/rafapra/Developer/CervellaSwarm/.sncp/reports/daily/compliance_2026-01-26.txt
[2026-01-26 08:40:12] Compliance OK!
[2026-01-26 08:40:12] === Statistiche SNCP ===
[2026-01-26 08:40:12]   cervellaswarm: 139 file
[2026-01-26 08:40:12]   cervellatrading: 2 file
[2026-01-26 08:40:12]   contabilita: 8 file
[2026-01-26 08:40:12]   crypto-research: 16 file
[2026-01-26 08:40:12]   menumaster: 3 file
[2026-01-26 08:40:12]   miracollo: 348 file
[2026-01-26 08:40:12]   rafafreelance: 1 file
[2026-01-26 08:40:12]   Dimensione totale SNCP:  11M
[2026-01-26 08:40:12] 
[2026-01-26 08:40:12] Manutenzione completata!
[2026-01-26 08:40:12] ============================================
[2026-01-27 08:30:04] 
[2026-01-27 08:30:04] ============================================
[2026-01-27 08:30:04] SNCP DAILY MAINTENANCE - 2026-01-27
[2026-01-27 08:30:04] ============================================
[2026-01-27 08:30:04] === SNCP Daily Health Check ===
[2026-01-27 08:30:04] Health check salvato: /Users/rafapra/Developer/CervellaSwarm/.sncp/reports/daily/health_2026-01-27.txt
[2026-01-27 08:30:04] Tutto OK!
[2026-01-27 08:30:04] === Cleanup file temporanei ===
[2026-01-27 08:30:04] Cleanup completato
[2026-01-27 08:30:04] === Verifica dimensioni file ===
[2026-01-27 08:30:04] WARNING: cervellatrading/PROMPT_RIPRESA ha 151 righe (max 150)
[2026-01-27 08:30:04] WARNING: 1 file sopra limite (ma sotto auto-compact)
[2026-01-27 08:30:04] === Compliance Check ===
[2026-01-27 08:30:04] Compliance check salvato: /Users/rafapra/Developer/CervellaSwarm/.sncp/reports/daily/compliance_2026-01-27.txt
[2026-01-27 08:30:04] Compliance OK!
[2026-01-27 08:30:04] === Statistiche SNCP ===
[2026-01-27 08:30:04]   cervellaswarm: 139 file
[2026-01-27 08:30:04]   cervellatrading: 2 file
[2026-01-27 08:30:04]   contabilita: 8 file
[2026-01-27 08:30:04]   crypto-research: 16 file
[2026-01-27 08:30:04]   menumaster: 3 file
[2026-01-27 08:30:04]   miracollo: 348 file
[2026-01-27 08:30:04]   rafafreelance: 1 file
[2026-01-27 08:30:04]   Dimensione totale SNCP:  11M
[2026-01-27 08:30:04] 
[2026-01-27 08:30:04] Manutenzione completata!
[2026-01-27 08:30:04] ============================================
[2026-01-27 08:50:51] 
[2026-01-27 08:50:51] ============================================
[2026-01-27 08:50:51] SNCP DAILY MAINTENANCE - 2026-01-27
[2026-01-27 08:50:51] ============================================
[2026-01-27 08:50:51] === SNCP Daily Health Check ===
[2026-01-27 08:50:51] Health check salvato: /Users/rafapra/Developer/CervellaSwarm/.sncp/reports/daily/health_2026-01-27.txt
[2026-01-27 08:50:51] Tutto OK!
[2026-01-27 08:50:51] === Cleanup file temporanei ===
[2026-01-27 08:50:51] Cleanup completato
[2026-01-27 08:50:51] === Verifica dimensioni file ===
[2026-01-27 08:50:51] WARNING: cervellatrading/PROMPT_RIPRESA ha 151 righe (max 150)
[2026-01-27 08:50:51] WARNING: 1 file sopra limite (ma sotto auto-compact)
[2026-01-27 08:50:51] === Compliance Check ===
[2026-01-27 08:50:51] Compliance check salvato: /Users/rafapra/Developer/CervellaSwarm/.sncp/reports/daily/compliance_2026-01-27.txt
[2026-01-27 08:50:51] Compliance OK!
[2026-01-27 08:50:51] === Statistiche SNCP ===
[2026-01-27 08:50:51]   cervellaswarm: 139 file
[2026-01-27 08:50:51]   cervellatrading: 2 file
[2026-01-27 08:50:51]   contabilita: 8 file
[2026-01-27 08:50:51]   crypto-research: 16 file
[2026-01-27 08:50:51]   menumaster: 3 file
[2026-01-27 08:50:51]   miracollo: 348 file
[2026-01-27 08:50:51]   rafafreelance: 1 file
[2026-01-27 08:50:51]   Dimensione totale SNCP:  11M
[2026-01-27 08:50:51] 
[2026-01-27 08:50:51] Manutenzione completata!
[2026-01-27 08:50:51] ============================================
[2026-01-28 06:57:56] 
[2026-01-28 06:57:56] ============================================
[2026-01-28 06:57:56] SNCP DAILY MAINTENANCE - 2026-01-28
[2026-01-28 06:57:56] ============================================
[2026-01-28 06:57:56] === SNCP Daily Health Check ===
[2026-01-28 06:57:56] Health check salvato: /Users/rafapra/Developer/CervellaSwarm/.sncp/reports/daily/health_2026-01-28.txt
[2026-01-28 06:57:56] Tutto OK!
[2026-01-28 06:57:56] === Cleanup file temporanei ===
[2026-01-28 06:57:56] Cleanup completato
[2026-01-28 06:57:56] === Verifica dimensioni file ===
[2026-01-28 06:57:56] Dimensioni file OK
[2026-01-28 06:57:56] === Compliance Check ===
[2026-01-28 06:57:56] Compliance check salvato: /Users/rafapra/Developer/CervellaSwarm/.sncp/reports/daily/compliance_2026-01-28.txt
[2026-01-28 06:57:56] Compliance OK!
[2026-01-28 06:57:56] === Statistiche SNCP ===
[2026-01-28 06:57:56]   cervellaswarm: 140 file
[2026-01-28 06:57:56]   cervellatrading: 2 file
[2026-01-28 06:57:56]   contabilita: 8 file
[2026-01-28 06:57:56]   creatormetrics: 1 file
[2026-01-28 06:57:56]   crypto-research: 16 file
[2026-01-28 06:57:56]   menumaster: 3 file
[2026-01-28 06:57:56]   miracollo: 348 file
[2026-01-28 06:57:56]   rafafreelance: 1 file
[2026-01-28 06:57:56]   Dimensione totale SNCP:  11M
[2026-01-28 06:57:56] 
[2026-01-28 06:57:56] Manutenzione completata!
[2026-01-28 06:57:56] ============================================
[2026-01-28 08:30:05] 
[2026-01-28 08:30:05] ============================================
[2026-01-28 08:30:05] SNCP DAILY MAINTENANCE - 2026-01-28
[2026-01-28 08:30:05] ============================================
[2026-01-28 08:30:05] === SNCP Daily Health Check ===
[2026-01-28 08:30:05] Health check salvato: /Users/rafapra/Developer/CervellaSwarm/.sncp/reports/daily/health_2026-01-28.txt
[2026-01-28 08:30:05] Tutto OK!
[2026-01-28 08:30:05] === Cleanup file temporanei ===
[2026-01-28 08:30:05] Cleanup completato
[2026-01-28 08:30:05] === Verifica dimensioni file ===
[2026-01-28 08:30:05] Dimensioni file OK
[2026-01-28 08:30:05] === Compliance Check ===
[2026-01-28 08:30:05] Compliance check salvato: /Users/rafapra/Developer/CervellaSwarm/.sncp/reports/daily/compliance_2026-01-28.txt
[2026-01-28 08:30:05] Compliance OK!
[2026-01-28 08:30:05] === Statistiche SNCP ===
[2026-01-28 08:30:05]   cervellaswarm: 140 file
[2026-01-28 08:30:05]   cervellatrading: 2 file
[2026-01-28 08:30:05]   contabilita: 8 file
[2026-01-28 08:30:05]   creatormetrics: 1 file
[2026-01-28 08:30:05]   crypto-research: 16 file
[2026-01-28 08:30:05]   menumaster: 3 file
[2026-01-28 08:30:05]   miracollo: 348 file
[2026-01-28 08:30:05]   rafafreelance: 1 file
[2026-01-28 08:30:05]   Dimensione totale SNCP:  11M
[2026-01-28 08:30:05] 
[2026-01-28 08:30:05] Manutenzione completata!
[2026-01-28 08:30:05] ============================================
[2026-01-29 08:30:05] 
[2026-01-29 08:30:05] ============================================
[2026-01-29 08:30:05] SNCP DAILY MAINTENANCE - 2026-01-29
[2026-01-29 08:30:05] ============================================
[2026-01-29 08:30:05] === SNCP Daily Health Check ===
[2026-01-29 08:30:05] Health check salvato: /Users/rafapra/Developer/CervellaSwarm/.sncp/reports/daily/health_2026-01-29.txt
[2026-01-29 08:30:05] Tutto OK!
[2026-01-29 08:30:05] === Cleanup file temporanei ===
[2026-01-29 08:30:05] Cleanup completato
[2026-01-29 08:30:05] === Verifica dimensioni file ===
[2026-01-29 08:30:05] WARNING: cervellatrader/PROMPT_RIPRESA ha 161 righe (max 150)
[2026-01-29 08:30:05] WARNING: cervellatrading/PROMPT_RIPRESA ha 179 righe (max 150)
[2026-01-29 08:30:05] WARNING: 2 file sopra limite (ma sotto auto-compact)
[2026-01-29 08:30:05] === Compliance Check ===
[2026-01-29 08:30:05] Compliance check salvato: /Users/rafapra/Developer/CervellaSwarm/.sncp/reports/daily/compliance_2026-01-29.txt
[2026-01-29 08:30:05] Compliance OK!
[2026-01-29 08:30:05] === Statistiche SNCP ===
[2026-01-29 08:30:05]   cervellaswarm: 143 file
[2026-01-29 08:30:05]   cervellatrader: 1 file
[2026-01-29 08:30:05]   cervellatrading: 2 file
[2026-01-29 08:30:05]   contabilita: 8 file
[2026-01-29 08:30:05]   creatormetrics: 7 file
[2026-01-29 08:30:05]   crypto-research: 16 file
[2026-01-29 08:30:05]   menumaster: 3 file
[2026-01-29 08:30:05]   miracollo: 348 file
[2026-01-29 08:30:05]   rafafreelance: 2 file
[2026-01-29 08:30:05]   saasexplorer: 2 file
[2026-01-29 08:30:05]   Dimensione totale SNCP:  12M
[2026-01-29 08:30:05] 
[2026-01-29 08:30:05] Manutenzione completata!
[2026-01-29 08:30:05] ============================================
[2026-01-29 19:56:10] 
[2026-01-29 19:56:10] ============================================
[2026-01-29 19:56:10] SNCP DAILY MAINTENANCE - 2026-01-29
[2026-01-29 19:56:10] ============================================
[2026-01-29 19:56:10] === SNCP Daily Health Check ===
[2026-01-29 19:56:10] Health check salvato: /Users/rafapra/Developer/CervellaSwarm/.sncp/reports/daily/health_2026-01-29.txt
[2026-01-29 19:56:10] Tutto OK!
[2026-01-29 19:56:10] === Cleanup file temporanei ===
[2026-01-29 19:56:10] Cleanup completato
[2026-01-29 19:56:10] === Verifica dimensioni file ===
[2026-01-29 19:56:10] Dimensioni file OK
[2026-01-29 19:56:10] === Compliance Check ===
[2026-01-29 19:56:10] Compliance check salvato: /Users/rafapra/Developer/CervellaSwarm/.sncp/reports/daily/compliance_2026-01-29.txt
[2026-01-29 19:56:10] Compliance OK!
[2026-01-29 19:56:10] === Statistiche SNCP ===
[2026-01-29 19:56:10]   cervellaswarm: 143 file
[2026-01-29 19:56:10]   cervellatrader: 1 file
[2026-01-29 19:56:10]   cervellatrading: 3 file
[2026-01-29 19:56:10]   contabilita: 8 file
[2026-01-29 19:56:10]   creatormetrics: 7 file
[2026-01-29 19:56:10]   crypto-research: 16 file
[2026-01-29 19:56:10]   menumaster: 3 file
[2026-01-29 19:56:10]   miracollo: 366 file
[2026-01-29 19:56:10]   rafafreelance: 2 file
[2026-01-29 19:56:10]   saasexplorer: 2 file
[2026-01-29 19:56:10]   Dimensione totale SNCP:  12M
[2026-01-29 19:56:10] 
[2026-01-29 19:56:10] Manutenzione completata!
[2026-01-29 19:56:10] ============================================
[2026-01-30 08:30:05] 
[2026-01-30 08:30:05] ============================================
[2026-01-30 08:30:05] SNCP DAILY MAINTENANCE - 2026-01-30
[2026-01-30 08:30:05] ============================================
[2026-01-30 08:30:05] === SNCP Daily Health Check ===
[2026-01-30 08:30:05] Health check salvato: /Users/rafapra/Developer/CervellaSwarm/.sncp/reports/daily/health_2026-01-30.txt
[2026-01-30 08:30:05] Tutto OK!
[2026-01-30 08:30:05] === Cleanup file temporanei ===
[2026-01-30 08:30:05] Cleanup completato
[2026-01-30 08:30:05] === Verifica dimensioni file ===
[2026-01-30 08:30:05] Dimensioni file OK
[2026-01-30 08:30:05] === Compliance Check ===
[2026-01-30 08:30:05] Compliance check salvato: /Users/rafapra/Developer/CervellaSwarm/.sncp/reports/daily/compliance_2026-01-30.txt
[2026-01-30 08:30:05] Compliance OK!
[2026-01-30 08:30:05] === Statistiche SNCP ===
[2026-01-30 08:30:05]   cervellaswarm: 144 file
[2026-01-30 08:30:05]   cervellatrader: 1 file
[2026-01-30 08:30:05]   cervellatrading: 3 file
[2026-01-30 08:30:05]   contabilita: 8 file
[2026-01-30 08:30:05]   creatormetrics: 7 file
[2026-01-30 08:30:05]   crypto-research: 16 file
[2026-01-30 08:30:05]   menumaster: 3 file
[2026-01-30 08:30:05]   miracollo: 370 file
[2026-01-30 08:30:05]   rafafreelance: 2 file
[2026-01-30 08:30:05]   saasexplorer: 2 file
[2026-01-30 08:30:05]   Dimensione totale SNCP:  12M
[2026-01-30 08:30:05] 
[2026-01-30 08:30:05] Manutenzione completata!
[2026-01-30 08:30:05] ============================================
[2026-01-31 08:30:05] 
[2026-01-31 08:30:05] ============================================
[2026-01-31 08:30:05] SNCP DAILY MAINTENANCE - 2026-01-31
[2026-01-31 08:30:05] ============================================
[2026-01-31 08:30:05] === SNCP Daily Health Check ===
[2026-01-31 08:30:05] Health check salvato: /Users/rafapra/Developer/CervellaSwarm/.sncp/reports/daily/health_2026-01-31.txt
[2026-01-31 08:30:05] Tutto OK!
[2026-01-31 08:30:05] === Cleanup file temporanei ===
[2026-01-31 08:30:05] Cleanup completato
[2026-01-31 08:30:05] === Verifica dimensioni file ===
[2026-01-31 08:30:05] Dimensioni file OK
[2026-01-31 08:30:05] === Compliance Check ===
[2026-01-31 08:30:05] Compliance check salvato: /Users/rafapra/Developer/CervellaSwarm/.sncp/reports/daily/compliance_2026-01-31.txt
[2026-01-31 08:30:05] Compliance OK!
[2026-01-31 08:30:05] === Statistiche SNCP ===
[2026-01-31 08:30:05]   cervellaswarm: 144 file
[2026-01-31 08:30:05]   cervellatrader: 1 file
[2026-01-31 08:30:05]   cervellatrading: 3 file
[2026-01-31 08:30:05]   contabilita: 8 file
[2026-01-31 08:30:05]   creatormetrics: 7 file
[2026-01-31 08:30:05]   crypto-research: 16 file
[2026-01-31 08:30:05]   menumaster: 3 file
[2026-01-31 08:30:05]   miracollo: 375 file
[2026-01-31 08:30:05]   rafafreelance: 2 file
[2026-01-31 08:30:05]   saasexplorer: 2 file
[2026-01-31 08:30:05]   Dimensione totale SNCP:  12M
[2026-01-31 08:30:05] 
[2026-01-31 08:30:05] Manutenzione completata!
[2026-01-31 08:30:05] ============================================
[2026-02-01 08:32:48] 
[2026-02-01 08:32:48] ============================================
[2026-02-01 08:32:48] SNCP DAILY MAINTENANCE - 2026-02-01
[2026-02-01 08:32:48] ============================================
[2026-02-01 08:32:48] === SNCP Daily Health Check ===
[2026-02-01 08:32:48] Health check salvato: /Users/rafapra/Developer/CervellaSwarm/.sncp/reports/daily/health_2026-02-01.txt
[2026-02-01 08:32:48] Tutto OK!
[2026-02-01 08:32:48] === Cleanup file temporanei ===
[2026-02-01 08:32:48] Cleanup completato
[2026-02-01 08:32:48] === Verifica dimensioni file ===
[2026-02-01 08:32:48] Dimensioni file OK
[2026-02-01 08:32:48] === Compliance Check ===
[2026-02-01 08:32:48] Compliance check salvato: /Users/rafapra/Developer/CervellaSwarm/.sncp/reports/daily/compliance_2026-02-01.txt
[2026-02-01 08:32:48] Compliance OK!
[2026-02-01 08:32:48] === Statistiche SNCP ===
[2026-02-01 08:32:48]   cervellaswarm: 145 file
[2026-02-01 08:32:48]   cervellatrader: 1 file
[2026-02-01 08:32:48]   cervellatrading: 3 file
[2026-02-01 08:32:48]   contabilita: 8 file
[2026-02-01 08:32:48]   creatormetrics: 7 file
[2026-02-01 08:32:48]   crypto-research: 16 file
[2026-02-01 08:32:48]   menumaster: 3 file
[2026-02-01 08:32:48]   miracollo: 375 file
[2026-02-01 08:32:48]   rafafreelance: 2 file
[2026-02-01 08:32:48]   saasexplorer: 2 file
[2026-02-01 08:32:48]   Dimensione totale SNCP:  12M
[2026-02-01 08:32:48] 
[2026-02-01 08:32:48] Manutenzione completata!
[2026-02-01 08:32:48] ============================================
[2026-02-02 08:30:05] 
[2026-02-02 08:30:05] ============================================
[2026-02-02 08:30:05] SNCP DAILY MAINTENANCE - 2026-02-02
[2026-02-02 08:30:05] ============================================
[2026-02-02 08:30:05] === SNCP Daily Health Check ===
[2026-02-02 08:30:05] Health check salvato: /Users/rafapra/Developer/CervellaSwarm/.sncp/reports/daily/health_2026-02-02.txt
[2026-02-02 08:30:05] Tutto OK!
[2026-02-02 08:30:05] === Cleanup file temporanei ===
[2026-02-02 08:30:05] Cleanup completato
[2026-02-02 08:30:05] === Verifica dimensioni file ===
[2026-02-02 08:30:05] Dimensioni file OK
[2026-02-02 08:30:05] === Compliance Check ===
[2026-02-02 08:30:05] Compliance check salvato: /Users/rafapra/Developer/CervellaSwarm/.sncp/reports/daily/compliance_2026-02-02.txt
[2026-02-02 08:30:05] Compliance OK!
[2026-02-02 08:30:05] === Statistiche SNCP ===
[2026-02-02 08:30:05]   cervellaswarm: 145 file
[2026-02-02 08:30:05]   cervellatrader: 1 file
[2026-02-02 08:30:05]   cervellatrading: 3 file
[2026-02-02 08:30:05]   contabilita: 8 file
[2026-02-02 08:30:05]   creatormetrics: 7 file
[2026-02-02 08:30:05]   crypto-research: 16 file
[2026-02-02 08:30:05]   menumaster: 3 file
[2026-02-02 08:30:05]   miracollo: 375 file
[2026-02-02 08:30:05]   rafafreelance: 2 file
[2026-02-02 08:30:05]   saasexplorer: 2 file
[2026-02-02 08:30:05]   Dimensione totale SNCP:  12M
[2026-02-02 08:30:05] 
[2026-02-02 08:30:05] Manutenzione completata!
[2026-02-02 08:30:05] ============================================
[2026-02-03 07:51:20] 
[2026-02-03 07:51:20] ============================================
[2026-02-03 07:51:20] SNCP DAILY MAINTENANCE - 2026-02-03
[2026-02-03 07:51:20] ============================================
[2026-02-03 07:51:20] === SNCP Daily Health Check ===
[2026-02-03 07:51:20] Health check salvato: /Users/rafapra/Developer/CervellaSwarm/.sncp/reports/daily/health_2026-02-03.txt
[2026-02-03 07:51:20] Tutto OK!
[2026-02-03 07:51:20] === Cleanup file temporanei ===
[2026-02-03 07:51:20] Cleanup completato
[2026-02-03 07:51:20] === Verifica dimensioni file ===
[2026-02-03 07:51:20] Dimensioni file OK
[2026-02-03 07:51:20] === Compliance Check ===
[2026-02-03 07:51:20] Compliance check salvato: /Users/rafapra/Developer/CervellaSwarm/.sncp/reports/daily/compliance_2026-02-03.txt
[2026-02-03 07:51:20] Compliance OK!
[2026-02-03 07:51:20] === Statistiche SNCP ===
[2026-02-03 07:51:20]   cervellaswarm: 148 file
[2026-02-03 07:51:20]   cervellatrader: 1 file
[2026-02-03 07:51:20]   cervellatrading: 4 file
[2026-02-03 07:51:20]   contabilita: 9 file
[2026-02-03 07:51:20]   creatormetrics: 7 file
[2026-02-03 07:51:20]   crypto-research: 16 file
[2026-02-03 07:51:20]   menumaster: 3 file
[2026-02-03 07:51:20]   miracollo: 376 file
[2026-02-03 07:51:20]   rafafreelance: 2 file
[2026-02-03 07:51:20]   saasexplorer: 3 file
[2026-02-03 07:51:20]   Dimensione totale SNCP:  12M
[2026-02-03 07:51:20] 
[2026-02-03 07:51:20] Manutenzione completata!
[2026-02-03 07:51:20] ============================================
[2026-02-03 08:30:05] 
[2026-02-03 08:30:05] ============================================
[2026-02-03 08:30:05] SNCP DAILY MAINTENANCE - 2026-02-03
[2026-02-03 08:30:05] ============================================
[2026-02-03 08:30:05] === SNCP Daily Health Check ===
[2026-02-03 08:30:05] Health check salvato: /Users/rafapra/Developer/CervellaSwarm/.sncp/reports/daily/health_2026-02-03.txt
[2026-02-03 08:30:05] Tutto OK!
[2026-02-03 08:30:05] === Cleanup file temporanei ===
[2026-02-03 08:30:05] Cleanup completato
[2026-02-03 08:30:05] === Verifica dimensioni file ===
[2026-02-03 08:30:05] Dimensioni file OK
[2026-02-03 08:30:05] === Compliance Check ===
[2026-02-03 08:30:05] Compliance check salvato: /Users/rafapra/Developer/CervellaSwarm/.sncp/reports/daily/compliance_2026-02-03.txt
[2026-02-03 08:30:05] Compliance OK!
[2026-02-03 08:30:05] === Statistiche SNCP ===
[2026-02-03 08:30:05]   cervellaswarm: 148 file
[2026-02-03 08:30:05]   cervellatrader: 1 file
[2026-02-03 08:30:05]   cervellatrading: 4 file
[2026-02-03 08:30:05]   contabilita: 9 file
[2026-02-03 08:30:05]   creatormetrics: 7 file
[2026-02-03 08:30:05]   crypto-research: 16 file
[2026-02-03 08:30:05]   menumaster: 3 file
[2026-02-03 08:30:05]   miracollo: 376 file
[2026-02-03 08:30:05]   rafafreelance: 2 file
[2026-02-03 08:30:05]   saasexplorer: 3 file
[2026-02-03 08:30:05]   Dimensione totale SNCP:  12M
[2026-02-03 08:30:05] 
[2026-02-03 08:30:05] Manutenzione completata!
[2026-02-03 08:30:05] ============================================
[2026-02-04 12:03:06] 
[2026-02-04 12:03:06] ============================================
[2026-02-04 12:03:06] SNCP DAILY MAINTENANCE - 2026-02-04
[2026-02-04 12:03:06] ============================================
[2026-02-04 12:03:06] === SNCP Daily Health Check ===
[2026-02-04 12:03:06] Health check salvato: /Users/rafapra/Developer/CervellaSwarm/.sncp/reports/daily/health_2026-02-04.txt
[2026-02-04 12:03:06] Tutto OK!
[2026-02-04 12:03:06] === Cleanup file temporanei ===
[2026-02-04 12:03:06] Cleanup completato
[2026-02-04 12:03:06] === Verifica dimensioni file ===
[2026-02-04 12:03:06] WARNING: cervellacostruzione/PROMPT_RIPRESA ha 253 righe (max 150)
[2026-02-04 12:03:06] WARNING: 1 file sopra limite (ma sotto auto-compact)
[2026-02-04 12:03:06] === Compliance Check ===
[2026-02-04 12:03:06] Compliance check salvato: /Users/rafapra/Developer/CervellaSwarm/.sncp/reports/daily/compliance_2026-02-04.txt
[2026-02-04 12:03:06] Compliance OK!
[2026-02-04 12:03:06] === Statistiche SNCP ===
[2026-02-04 12:03:06]   cervellacostruzione: 37 file
[2026-02-04 12:03:06]   cervellaswarm: 149 file
[2026-02-04 12:03:06]   cervellatrader: 1 file
[2026-02-04 12:03:06]   cervellatrading: 4 file
[2026-02-04 12:03:06]   contabilita: 9 file
[2026-02-04 12:03:06]   creatormetrics: 7 file
[2026-02-04 12:03:06]   crypto-research: 16 file
[2026-02-04 12:03:06]   menumaster: 3 file
[2026-02-04 12:03:06]   miracollo: 376 file
[2026-02-04 12:03:06]   rafafreelance: 2 file
[2026-02-04 12:03:06]   saasexplorer: 3 file
[2026-02-04 12:03:06]   Dimensione totale SNCP:  13M
[2026-02-04 12:03:06] 
[2026-02-04 12:03:06] Manutenzione completata!
[2026-02-04 12:03:06] ============================================
[2026-02-04 22:00:23] 
[2026-02-04 22:00:23] ============================================
[2026-02-04 22:00:23] SNCP DAILY MAINTENANCE - 2026-02-04
[2026-02-04 22:00:23] ============================================
[2026-02-04 22:00:23] === SNCP Daily Health Check ===
[2026-02-04 22:00:23] Health check salvato: /Users/rafapra/Developer/CervellaSwarm/.sncp/reports/daily/health_2026-02-04.txt
[2026-02-04 22:00:23] Tutto OK!
[2026-02-04 22:00:23] === Cleanup file temporanei ===
[2026-02-04 22:00:23] Cleanup completato
[2026-02-04 22:00:23] === Verifica dimensioni file ===
[2026-02-04 22:00:23] Dimensioni file OK
[2026-02-04 22:00:23] === Compliance Check ===
[2026-02-04 22:00:23] Compliance check salvato: /Users/rafapra/Developer/CervellaSwarm/.sncp/reports/daily/compliance_2026-02-04.txt
[2026-02-04 22:00:23] Compliance OK!
[2026-02-04 22:00:23] === Statistiche SNCP ===
[2026-02-04 22:00:23]   cervellacostruzione: 38 file
[2026-02-04 22:00:23]   cervellaswarm: 158 file
[2026-02-04 22:00:23]   cervellatrader: 1 file
[2026-02-04 22:00:23]   cervellatrading: 4 file
[2026-02-04 22:00:23]   contabilita: 9 file
[2026-02-04 22:00:23]   creatormetrics: 7 file
[2026-02-04 22:00:23]   crypto-research: 16 file
[2026-02-04 22:00:23]   menumaster: 3 file
[2026-02-04 22:00:23]   miracollo: 376 file
[2026-02-04 22:00:23]   rafafreelance: 2 file
[2026-02-04 22:00:23]   saasexplorer: 3 file
[2026-02-04 22:00:23]   Dimensione totale SNCP:  13M
[2026-02-04 22:00:23] 
[2026-02-04 22:00:23] Manutenzione completata!
[2026-02-04 22:00:23] ============================================
[2026-02-05 06:16:51] 
[2026-02-05 06:16:51] ============================================
[2026-02-05 06:16:51] SNCP DAILY MAINTENANCE - 2026-02-05
[2026-02-05 06:16:51] ============================================
[2026-02-05 06:16:51] === SNCP Daily Health Check ===
[2026-02-05 06:16:51] Health check salvato: /Users/rafapra/Developer/CervellaSwarm/.sncp/reports/daily/health_2026-02-05.txt
[2026-02-05 06:16:51] Tutto OK!
[2026-02-05 06:16:51] === Cleanup file temporanei ===
[2026-02-05 06:16:51] Cleanup completato
[2026-02-05 06:16:51] === Verifica dimensioni file ===
[2026-02-05 06:16:51] Dimensioni file OK
[2026-02-05 06:16:51] === Compliance Check ===
[2026-02-05 06:16:51] Compliance check salvato: /Users/rafapra/Developer/CervellaSwarm/.sncp/reports/daily/compliance_2026-02-05.txt
[2026-02-05 06:16:51] Compliance OK!
[2026-02-05 06:16:51] === Statistiche SNCP ===
[2026-02-05 06:16:51]   cervellacostruzione: 38 file
[2026-02-05 06:16:51]   cervellaswarm: 158 file
[2026-02-05 06:16:51]   cervellatrader: 1 file
[2026-02-05 06:16:51]   cervellatrading: 4 file
[2026-02-05 06:16:51]   contabilita: 9 file
[2026-02-05 06:16:51]   creatormetrics: 7 file
[2026-02-05 06:16:51]   crypto-research: 16 file
[2026-02-05 06:16:51]   menumaster: 3 file
[2026-02-05 06:16:51]   miracollo: 376 file
[2026-02-05 06:16:51]   rafafreelance: 2 file
[2026-02-05 06:16:51]   saasexplorer: 3 file
[2026-02-05 06:16:51]   Dimensione totale SNCP:  13M
[2026-02-05 06:16:51] 
[2026-02-05 06:16:51] Manutenzione completata!
[2026-02-05 06:16:51] ============================================
[2026-02-05 08:30:05] 
[2026-02-05 08:30:05] ============================================
[2026-02-05 08:30:05] SNCP DAILY MAINTENANCE - 2026-02-05
[2026-02-05 08:30:05] ============================================
[2026-02-05 08:30:05] === SNCP Daily Health Check ===
[2026-02-05 08:30:05] Health check salvato: /Users/rafapra/Developer/CervellaSwarm/.sncp/reports/daily/health_2026-02-05.txt
[2026-02-05 08:30:05] Tutto OK!
[2026-02-05 08:30:05] === Cleanup file temporanei ===
[2026-02-05 08:30:05] Cleanup completato
[2026-02-05 08:30:05] === Verifica dimensioni file ===
[2026-02-05 08:30:05] Dimensioni file OK
[2026-02-05 08:30:05] === Compliance Check ===
[2026-02-05 08:30:05] Compliance check salvato: /Users/rafapra/Developer/CervellaSwarm/.sncp/reports/daily/compliance_2026-02-05.txt
[2026-02-05 08:30:05] Compliance OK!
[2026-02-05 08:30:05] === Statistiche SNCP ===
[2026-02-05 08:30:05]   cervellacostruzione: 38 file
[2026-02-05 08:30:05]   cervellaswarm: 158 file
[2026-02-05 08:30:05]   cervellatrader: 1 file
[2026-02-05 08:30:05]   cervellatrading: 4 file
[2026-02-05 08:30:05]   contabilita: 9 file
[2026-02-05 08:30:05]   creatormetrics: 7 file
[2026-02-05 08:30:05]   crypto-research: 16 file
[2026-02-05 08:30:05]   menumaster: 3 file
[2026-02-05 08:30:05]   miracollo: 376 file
[2026-02-05 08:30:05]   rafafreelance: 2 file
[2026-02-05 08:30:05]   saasexplorer: 3 file
[2026-02-05 08:30:05]   Dimensione totale SNCP:  13M
[2026-02-05 08:30:05] 
[2026-02-05 08:30:05] Manutenzione completata!
[2026-02-05 08:30:05] ============================================
[2026-02-06 08:31:04] 
[2026-02-06 08:31:04] ============================================
[2026-02-06 08:31:04] SNCP DAILY MAINTENANCE - 2026-02-06
[2026-02-06 08:31:04] ============================================
[2026-02-06 08:31:04] === SNCP Daily Health Check ===
[2026-02-06 08:31:04] Health check salvato: /Users/rafapra/Developer/CervellaSwarm/.sncp/reports/daily/health_2026-02-06.txt
[2026-02-06 08:31:04] Tutto OK!
[2026-02-06 08:31:04] === Cleanup file temporanei ===
[2026-02-06 08:31:04] Cleanup completato
[2026-02-06 08:31:04] === Verifica dimensioni file ===
[2026-02-06 08:31:04] Dimensioni file OK
[2026-02-06 08:31:04] === Compliance Check ===
[2026-02-06 08:31:04] Compliance check salvato: /Users/rafapra/Developer/CervellaSwarm/.sncp/reports/daily/compliance_2026-02-06.txt
[2026-02-06 08:31:04] Compliance OK!
[2026-02-06 08:31:04] === Statistiche SNCP ===
[2026-02-06 08:31:04]   cervellacostruzione: 38 file
[2026-02-06 08:31:04]   cervellaswarm: 158 file
[2026-02-06 08:31:04]   cervellatrader: 1 file
[2026-02-06 08:31:04]   cervellatrading: 4 file
[2026-02-06 08:31:04]   contabilita: 9 file
[2026-02-06 08:31:04]   creatormetrics: 7 file
[2026-02-06 08:31:04]   crypto-research: 16 file
[2026-02-06 08:31:04]   menumaster: 3 file
[2026-02-06 08:31:04]   miracollo: 376 file
[2026-02-06 08:31:04]   rafafreelance: 2 file
[2026-02-06 08:31:04]   saasexplorer: 3 file
[2026-02-06 08:31:04]   Dimensione totale SNCP:  13M
[2026-02-06 08:31:04] 
[2026-02-06 08:31:04] Manutenzione completata!
[2026-02-06 08:31:04] ============================================
[2026-02-07 07:49:59] 
[2026-02-07 07:49:59] ============================================
[2026-02-07 07:49:59] SNCP DAILY MAINTENANCE - 2026-02-07
[2026-02-07 07:49:59] ============================================
[2026-02-07 07:49:59] === SNCP Daily Health Check ===
[2026-02-07 07:49:59] Health check salvato: /Users/rafapra/Developer/CervellaSwarm/.sncp/reports/daily/health_2026-02-07.txt
[2026-02-07 07:49:59] Tutto OK!
[2026-02-07 07:49:59] === Cleanup file temporanei ===
[2026-02-07 07:49:59] Cleanup completato
[2026-02-07 07:49:59] === Verifica dimensioni file ===
[2026-02-07 07:49:59] Dimensioni file OK
[2026-02-07 07:49:59] === Compliance Check ===
[2026-02-07 07:49:59] Compliance check salvato: /Users/rafapra/Developer/CervellaSwarm/.sncp/reports/daily/compliance_2026-02-07.txt
[2026-02-07 07:49:59] Compliance OK!
[2026-02-07 07:49:59] === Statistiche SNCP ===
[2026-02-07 07:49:59]   cervellacostruzione: 38 file
[2026-02-07 07:49:59]   cervellaswarm: 158 file
[2026-02-07 07:49:59]   cervellatrader: 1 file
[2026-02-07 07:49:59]   cervellatrading: 4 file
[2026-02-07 07:49:59]   contabilita: 9 file
[2026-02-07 07:49:59]   creatormetrics: 7 file
[2026-02-07 07:49:59]   crypto-research: 16 file
[2026-02-07 07:49:59]   menumaster: 3 file
[2026-02-07 07:49:59]   miracollo: 376 file
[2026-02-07 07:49:59]   rafafreelance: 2 file
[2026-02-07 07:49:59]   saasexplorer: 3 file
[2026-02-07 07:49:59]   Dimensione totale SNCP:  13M
[2026-02-07 07:49:59] 
[2026-02-07 07:49:59] Manutenzione completata!
[2026-02-07 07:49:59] ============================================
[2026-02-07 08:30:03] 
[2026-02-07 08:30:03] ============================================
[2026-02-07 08:30:03] SNCP DAILY MAINTENANCE - 2026-02-07
[2026-02-07 08:30:03] ============================================
[2026-02-07 08:30:03] === SNCP Daily Health Check ===
[2026-02-07 08:30:03] Health check salvato: /Users/rafapra/Developer/CervellaSwarm/.sncp/reports/daily/health_2026-02-07.txt
[2026-02-07 08:30:03] Tutto OK!
[2026-02-07 08:30:03] === Cleanup file temporanei ===
[2026-02-07 08:30:03] Cleanup completato
[2026-02-07 08:30:03] === Verifica dimensioni file ===
[2026-02-07 08:30:03] Dimensioni file OK
[2026-02-07 08:30:03] === Compliance Check ===
[2026-02-07 08:30:03] Compliance check salvato: /Users/rafapra/Developer/CervellaSwarm/.sncp/reports/daily/compliance_2026-02-07.txt
[2026-02-07 08:30:03] Compliance OK!
[2026-02-07 08:30:03] === Statistiche SNCP ===
[2026-02-07 08:30:03]   cervellacostruzione: 38 file
[2026-02-07 08:30:03]   cervellaswarm: 158 file
[2026-02-07 08:30:03]   cervellatrader: 1 file
[2026-02-07 08:30:03]   cervellatrading: 4 file
[2026-02-07 08:30:03]   contabilita: 9 file
[2026-02-07 08:30:03]   creatormetrics: 7 file
[2026-02-07 08:30:03]   crypto-research: 16 file
[2026-02-07 08:30:03]   menumaster: 3 file
[2026-02-07 08:30:03]   miracollo: 376 file
[2026-02-07 08:30:03]   rafafreelance: 2 file
[2026-02-07 08:30:03]   saasexplorer: 3 file
[2026-02-07 08:30:03]   Dimensione totale SNCP:  13M
[2026-02-07 08:30:03] 
[2026-02-07 08:30:03] Manutenzione completata!
[2026-02-07 08:30:03] ============================================
[2026-02-08 07:49:38] 
[2026-02-08 07:49:38] ============================================
[2026-02-08 07:49:38] SNCP DAILY MAINTENANCE - 2026-02-08
[2026-02-08 07:49:38] ============================================
[2026-02-08 07:49:38] === SNCP Daily Health Check ===
[2026-02-08 07:49:38] Health check salvato: /Users/rafapra/Developer/CervellaSwarm/.sncp/reports/daily/health_2026-02-08.txt
[2026-02-08 07:49:38] Tutto OK!
[2026-02-08 07:49:38] === Cleanup file temporanei ===
[2026-02-08 07:49:38] Cleanup completato
[2026-02-08 07:49:38] === Verifica dimensioni file ===
[2026-02-08 07:49:38] Dimensioni file OK
[2026-02-08 07:49:38] === Compliance Check ===
[2026-02-08 07:49:38] Compliance check salvato: /Users/rafapra/Developer/CervellaSwarm/.sncp/reports/daily/compliance_2026-02-08.txt
[2026-02-08 07:49:38] Compliance OK!
[2026-02-08 07:49:38] === Statistiche SNCP ===
[2026-02-08 07:49:38]   cervellacostruzione: 38 file
[2026-02-08 07:49:38]   cervellaswarm: 158 file
[2026-02-08 07:49:38]   cervellatrader: 1 file
[2026-02-08 07:49:38]   cervellatrading: 4 file
[2026-02-08 07:49:38]   contabilita: 9 file
[2026-02-08 07:49:38]   creatormetrics: 7 file
[2026-02-08 07:49:38]   crypto-research: 16 file
[2026-02-08 07:49:38]   menumaster: 3 file
[2026-02-08 07:49:38]   miracollo: 376 file
[2026-02-08 07:49:38]   rafafreelance: 2 file
[2026-02-08 07:49:38]   saasexplorer: 3 file
[2026-02-08 07:49:38]   Dimensione totale SNCP:  13M
[2026-02-08 07:49:38] 
[2026-02-08 07:49:38] Manutenzione completata!
[2026-02-08 07:49:38] ============================================
[2026-02-08 08:30:05] 
[2026-02-08 08:30:05] ============================================
[2026-02-08 08:30:05] SNCP DAILY MAINTENANCE - 2026-02-08
[2026-02-08 08:30:05] ============================================
[2026-02-08 08:30:05] === SNCP Daily Health Check ===
[2026-02-08 08:30:05] Health check salvato: /Users/rafapra/Developer/CervellaSwarm/.sncp/reports/daily/health_2026-02-08.txt
[2026-02-08 08:30:05] Tutto OK!
[2026-02-08 08:30:05] === Cleanup file temporanei ===
[2026-02-08 08:30:05] Cleanup completato
[2026-02-08 08:30:05] === Verifica dimensioni file ===
[2026-02-08 08:30:05] Dimensioni file OK
[2026-02-08 08:30:05] === Compliance Check ===
[2026-02-08 08:30:05] Compliance check salvato: /Users/rafapra/Developer/CervellaSwarm/.sncp/reports/daily/compliance_2026-02-08.txt
[2026-02-08 08:30:05] Compliance OK!
[2026-02-08 08:30:05] === Statistiche SNCP ===
[2026-02-08 08:30:05]   cervellacostruzione: 38 file
[2026-02-08 08:30:05]   cervellaswarm: 158 file
[2026-02-08 08:30:05]   cervellatrader: 1 file
[2026-02-08 08:30:05]   cervellatrading: 4 file
[2026-02-08 08:30:05]   contabilita: 9 file
[2026-02-08 08:30:05]   creatormetrics: 7 file
[2026-02-08 08:30:05]   crypto-research: 16 file
[2026-02-08 08:30:05]   menumaster: 3 file
[2026-02-08 08:30:05]   miracollo: 376 file
[2026-02-08 08:30:05]   rafafreelance: 2 file
[2026-02-08 08:30:05]   saasexplorer: 3 file
[2026-02-08 08:30:05]   Dimensione totale SNCP:  13M
[2026-02-08 08:30:05] 
[2026-02-08 08:30:05] Manutenzione completata!
[2026-02-08 08:30:05] ============================================
[2026-02-08 22:35:28] 
[2026-02-08 22:35:28] ============================================
[2026-02-08 22:35:28] SNCP DAILY MAINTENANCE - 2026-02-08
[2026-02-08 22:35:28] ============================================
[2026-02-08 22:35:28] === SNCP Daily Health Check ===
[2026-02-08 22:35:28] Health check salvato: /Users/rafapra/Developer/CervellaSwarm/.sncp/reports/daily/health_2026-02-08.txt
[2026-02-08 22:35:28] Tutto OK!
[2026-02-08 22:35:28] === Cleanup file temporanei ===
[2026-02-08 22:35:28] Cleanup completato
[2026-02-08 22:35:28] === Verifica dimensioni file ===
[2026-02-08 22:35:28] Dimensioni file OK
[2026-02-08 22:35:28] === Compliance Check ===
[2026-02-08 22:35:28] Compliance check salvato: /Users/rafapra/Developer/CervellaSwarm/.sncp/reports/daily/compliance_2026-02-08.txt
[2026-02-08 22:35:28] Compliance OK!
[2026-02-08 22:35:28] === Statistiche SNCP ===
[2026-02-08 22:35:28]   cervellacostruzione: 38 file
[2026-02-08 22:35:28]   cervellaswarm: 158 file
[2026-02-08 22:35:28]   cervellatrader: 1 file
[2026-02-08 22:35:28]   cervellatrading: 4 file
[2026-02-08 22:35:28]   contabilita: 9 file
[2026-02-08 22:35:28]   creatormetrics: 7 file
[2026-02-08 22:35:28]   crypto-research: 16 file
[2026-02-08 22:35:28]   menumaster: 3 file
[2026-02-08 22:35:28]   miracollo: 376 file
[2026-02-08 22:35:28]   rafafreelance: 2 file
[2026-02-08 22:35:28]   saasexplorer: 3 file
[2026-02-08 22:35:28]   Dimensione totale SNCP:  13M
[2026-02-08 22:35:28] 
[2026-02-08 22:35:28] Manutenzione completata!
[2026-02-08 22:35:28] ============================================
[2026-02-09 07:50:03] 
[2026-02-09 07:50:03] ============================================
[2026-02-09 07:50:03] SNCP DAILY MAINTENANCE - 2026-02-09
[2026-02-09 07:50:03] ============================================
[2026-02-09 07:50:03] === SNCP Daily Health Check ===
[2026-02-09 07:50:03] Health check salvato: /Users/rafapra/Developer/CervellaSwarm/.sncp/reports/daily/health_2026-02-09.txt
[2026-02-09 07:50:03] Tutto OK!
[2026-02-09 07:50:03] === Cleanup file temporanei ===
[2026-02-09 07:50:03] Cleanup completato
[2026-02-09 07:50:03] === Verifica dimensioni file ===
[2026-02-09 07:50:03] Dimensioni file OK
[2026-02-09 07:50:03] === Compliance Check ===
[2026-02-09 07:50:03] Compliance check salvato: /Users/rafapra/Developer/CervellaSwarm/.sncp/reports/daily/compliance_2026-02-09.txt
[2026-02-09 07:50:03] Compliance OK!
[2026-02-09 07:50:03] === Statistiche SNCP ===
[2026-02-09 07:50:03]   cervellacostruzione: 38 file
[2026-02-09 07:50:03]   cervellaswarm: 158 file
[2026-02-09 07:50:03]   cervellatrader: 1 file
[2026-02-09 07:50:03]   cervellatrading: 4 file
[2026-02-09 07:50:03]   contabilita: 9 file
[2026-02-09 07:50:03]   creatormetrics: 7 file
[2026-02-09 07:50:03]   crypto-research: 16 file
[2026-02-09 07:50:03]   menumaster: 3 file
[2026-02-09 07:50:03]   miracollo: 376 file
[2026-02-09 07:50:03]   rafafreelance: 2 file
[2026-02-09 07:50:03]   saasexplorer: 3 file
[2026-02-09 07:50:03]   Dimensione totale SNCP:  13M
[2026-02-09 07:50:03] 
[2026-02-09 07:50:03] Manutenzione completata!
[2026-02-09 07:50:03] ============================================
[2026-02-09 08:30:05] 
[2026-02-09 08:30:05] ============================================
[2026-02-09 08:30:05] SNCP DAILY MAINTENANCE - 2026-02-09
[2026-02-09 08:30:05] ============================================
[2026-02-09 08:30:05] === SNCP Daily Health Check ===
[2026-02-09 08:30:05] Health check salvato: /Users/rafapra/Developer/CervellaSwarm/.sncp/reports/daily/health_2026-02-09.txt
[2026-02-09 08:30:05] Tutto OK!
[2026-02-09 08:30:05] === Cleanup file temporanei ===
[2026-02-09 08:30:05] Cleanup completato
[2026-02-09 08:30:05] === Verifica dimensioni file ===
[2026-02-09 08:30:05] Dimensioni file OK
[2026-02-09 08:30:05] === Compliance Check ===
[2026-02-09 08:30:05] Compliance check salvato: /Users/rafapra/Developer/CervellaSwarm/.sncp/reports/daily/compliance_2026-02-09.txt
[2026-02-09 08:30:05] Compliance OK!
[2026-02-09 08:30:05] === Statistiche SNCP ===
[2026-02-09 08:30:05]   cervellacostruzione: 38 file
[2026-02-09 08:30:05]   cervellaswarm: 158 file
[2026-02-09 08:30:05]   cervellatrader: 1 file
[2026-02-09 08:30:05]   cervellatrading: 4 file
[2026-02-09 08:30:05]   contabilita: 9 file
[2026-02-09 08:30:05]   creatormetrics: 7 file
[2026-02-09 08:30:05]   crypto-research: 16 file
[2026-02-09 08:30:05]   menumaster: 3 file
[2026-02-09 08:30:05]   miracollo: 376 file
[2026-02-09 08:30:05]   rafafreelance: 2 file
[2026-02-09 08:30:05]   saasexplorer: 3 file
[2026-02-09 08:30:05]   Dimensione totale SNCP:  13M
[2026-02-09 08:30:05] 
[2026-02-09 08:30:05] Manutenzione completata!
[2026-02-09 08:30:05] ============================================
[2026-02-10 08:30:05] 
[2026-02-10 08:30:05] ============================================
[2026-02-10 08:30:05] SNCP DAILY MAINTENANCE - 2026-02-10
[2026-02-10 08:30:05] ============================================
[2026-02-10 08:30:05] === SNCP Daily Health Check ===
[2026-02-10 08:30:05] Health check salvato: /Users/rafapra/Developer/CervellaSwarm/.sncp/reports/daily/health_2026-02-10.txt
[2026-02-10 08:30:05] Tutto OK!
[2026-02-10 08:30:05] === Cleanup file temporanei ===
[2026-02-10 08:30:05] Cleanup completato
[2026-02-10 08:30:05] === Verifica dimensioni file ===
[2026-02-10 08:30:05] Dimensioni file OK
[2026-02-10 08:30:05] === Compliance Check ===
[2026-02-10 08:30:05] Compliance check salvato: /Users/rafapra/Developer/CervellaSwarm/.sncp/reports/daily/compliance_2026-02-10.txt
[2026-02-10 08:30:05] Compliance OK!
[2026-02-10 08:30:05] === Statistiche SNCP ===
[2026-02-10 08:30:05]   cervellacostruzione: 38 file
[2026-02-10 08:30:05]   cervellaswarm: 158 file
[2026-02-10 08:30:05]   cervellatrader: 1 file
[2026-02-10 08:30:05]   cervellatrading: 4 file
[2026-02-10 08:30:05]   contabilita: 10 file
[2026-02-10 08:30:05]   creatormetrics: 7 file
[2026-02-10 08:30:05]   crypto-research: 16 file
[2026-02-10 08:30:05]   menumaster: 3 file
[2026-02-10 08:30:05]   miracollo: 376 file
[2026-02-10 08:30:05]   rafafreelance: 2 file
[2026-02-10 08:30:05]   saasexplorer: 3 file
[2026-02-10 08:30:05]   Dimensione totale SNCP:  13M
[2026-02-10 08:30:05] 
[2026-02-10 08:30:05] Manutenzione completata!
[2026-02-10 08:30:05] ============================================
