1767745041|TASK_DASHBOARD_FRONTEND|Leggendo studi di riferimento
1767745056|TASK_DASHBOARD_FRONTEND|Creando progetto Vite + React + TS
1767745158|TASK_DASHBOARD_FRONTEND|Creando struttura cartelle
1767745276|TASK_DASHBOARD_FRONTEND|Creando RoadmapWidget e SessioneWidget
1767745416|TASK_DASHBOARD_FRONTEND|Configurando App.tsx e vite.config
1767745533|TASK_DASHBOARD_FRONTEND|Build completato! Verificando dev server
1767796975|TEST_FEEDBACK_LOOP|Inizio task feedback loop
1767797047|TEST_FEEDBACK_LOOP|Creato FEEDBACK question, aspetto risposta
$(date +%s)|TEST_FEEDBACK_LOOP|In attesa risposta feedback
1767797109|TEST_FEEDBACK_LOOP|Risposta ricevuta! Creo componente UserCard
1767797178|TEST_FEEDBACK_LOOP|COMPLETATO! Componente creato, output scritto
1767797340|TEST_MULTI_FRONTEND|Prendo il task e inizio a lavorare
1767797359|TEST_MULTI_FRONTEND|File test creato, scrivo output report
1767797372|TEST_MULTI_FRONTEND|Task completato con successo!
1767817422|TASK_DESIGN_DASHBOARD_V2|Inizio lavoro - analizzo struttura dashboard
1767817473|TASK_DESIGN_DASHBOARD_V2|Aggiornando index.css con nuova palette
1767817791|TASK_DESIGN_DASHBOARD_V2|COMPLETATO - Output scritto in _output.md
1767819342|TASK_DASHBOARD_DATI_REALI|Inizio task - leggo file esistenti
1767819369|TASK_DASHBOARD_DATI_REALI|Analizzati file - ora creo hook useDashboardData
1767819443|TASK_DASHBOARD_DATI_REALI|Hook creato - modifico App.tsx
1767819494|TASK_DASHBOARD_DATI_REALI|Verifico TypeScript compila
1767819566|TASK_DASHBOARD_DATI_REALI|COMPLETATO
1767819614|TEST_FEEDBACK_LOOP|Inizio task - creo feedback per dubbio
1767819685|TEST_FEEDBACK_LOOP|COMPLETATO
1767819743|NESSUN_TASK|Nessun altro task per frontend - faccio exit
1767820916|TASK_IMPLEMENTA_SCIAME|Creando directory swarm/
1767820963|TASK_IMPLEMENTA_SCIAME|Creando componenti React
1767821048|TASK_IMPLEMENTA_SCIAME|Integrando in App.tsx
1767821124|TASK_IMPLEMENTA_SCIAME|Build completata! Creando output
1767821788|TASK_FIX_SWARM_LAYOUT|Analizzando layout e CSS
1767821835|TASK_FIX_SWARM_LAYOUT|CSS fixato, creando output
1767821927|TASK_DASHBOARD_DATI_REALI|Verificando funzionalita esistente
1767848915|HT_PARALLEL_FRONTEND|Scrivo output del task
1768022323|TASK_PARALLEL_frontend|Creando output file
1768022331|TASK_PARALLEL_frontend|Completato\!
