1767613885|HARDTEST_NOTIFICA|Inizio task - scrivo file output
1767613907|HARDTEST_NOTIFICA|Task completato!
1767614071|HARDTEST_2|Inizio task - scrivo Click test OK
1767614096|HARDTEST_2|Task completato!
1767614858|HARDTEST_3|Inizio task - scrivere file test
1767614875|HARDTEST_3|Task completato!
1767615307|TASK_20260105_131436|Preso task, inizio lavoro
1767615326|TASK_20260105_131436|Completato\!
1767617337|TASK_HARDTEST_NOTIFICA_CLICK|Inizio task, creo output
1767617354|TASK_HARDTEST_NOTIFICA_CLICK|COMPLETATO
1767619198|TASK_HARDTEST_AUTO_SVEGLIA|Inizio task HARDTEST
1767619217|TASK_HARDTEST_AUTO_SVEGLIA|COMPLETATO
1767795367|TASK_DNA_UPDATE_11_WORKERS|Inizio lavoro - leggo template
1767795422|TASK_DNA_UPDATE_11_WORKERS|Aggiornando cervella-frontend.md
1767795516|TASK_DNA_UPDATE_11_WORKERS|2/11 completati - continuando
1767795625|TASK_DNA_UPDATE_11_WORKERS|4/11 completati - continuando
1767795723|TASK_DNA_UPDATE_11_WORKERS|6/11 completati - continuando
1767795982|TASK_DNA_UPDATE_11_WORKERS|COMPLETATO - 11/11 worker aggiornati
1767797335|TASK_DNA_UPDATE_11_WORKERS|Inizio task - leggo template
1767797398|TEST_MULTI_DOCS|Inizio test multi-worker
1767820730|TASK_DESIGN_SCIAME|Creando documentazione design
1767820825|TASK_DESIGN_SCIAME|COMPLETATO - doc creata
1767820850|NESSUN_TASK|Nessun altro task per docs
1767864523|TASK_TEST_HEADLESS|Scrivendo output file
1767864531|TASK_TEST_HEADLESS|Completato!
1767874396|TASK_TEST_FAQ_v124|Iniziando scrittura FAQ CervellaSwarm
1767874535|TASK_TEST_FAQ_v124|FAQ completata! 5 sezioni + esempi
1767874917|TASK_TEST_WATCHER_v124|Creando file test watcher
1767874933|TASK_TEST_WATCHER_v124|Task completato - file creato
1767874978|NESSUN_TASK|Nessun task rimanente per cervella-docs - termino
1767876990|TASK_GUIDA_BEST_PRACTICES_v124|Lettura analisi pattern e pianificazione guida
1767877007|TASK_GUIDA_BEST_PRACTICES_v124|Analisi pattern letta (1862 righe, 27 pattern!), leggo file riferimento
1767877023|TASK_GUIDA_BEST_PRACTICES_v124|Strutturando outline guida (sezioni A-K)
1767877141|TASK_GUIDA_BEST_PRACTICES_v124|Iniziando creazione guida best practices
1767877168|TASK_GUIDA_BEST_PRACTICES_v124|Analisi pattern letta (900 righe, 27 pattern!), inizio strutturare guida
1767877189|TASK_GUIDA_BEST_PRACTICES_v124|SWARM_RULES lette (13 regole), file riferimento completi, inizio scrittura guida (800-1200 righe)
1767877389|TASK_GUIDA_BEST_PRACTICES_v124|Guida scritta (1150 righe!), review finale criteri successo
1767877507|TASK_GUIDA_BEST_PRACTICES_v124|COMPLETATO! Guida 1,981 righe creata
1767877522|TASK_WORKFLOW_REGINA_v124|Inizio secondo task - Workflow quotidiano Regina
1767877565|TASK_WORKFLOW_REGINA_v124|File riferimento letti, inizio strutturazione workflow
1767877608|TASK_GUIDA_BEST_PRACTICES_v124|Task già completato da altra istanza docs! Guida 1981 righe, rating 9.5/10
1767877631|TASK_WORKFLOW_REGINA_v124|Inizio creazione workflow quotidiano Regina
1767877648|TASK_WORKFLOW_REGINA_v124|Analizzando input - analisi pattern e best practices
1767877666|TASK_WORKFLOW_REGINA_v124|Inizio scrittura workflow quotidiano (600-900 righe target)
1767877817|TASK_WORKFLOW_REGINA_v124|Workflow scritto (verifico metriche finali)
1767877909|TASK_WORKFLOW_REGINA_v124|COMPLETATO! 2 task oggi: 3,549 righe totali!
1767878034|TASK_WORKFLOW_REGINA_v124|Task già completato - verifico qualità output
1767878154|TASK_WORKFLOW_REGINA_v124|Completato - file già presente e verificato (1,568 righe)
