1767590009|TASK_TEST_VISIBILITA|Inizio test
1767590048|TASK_TEST_VISIBILITA|Meta test
1767590088|TASK_TEST_VISIBILITA|Fine test
1767612507|TASK_fix_code_review_3|Inizio task - leggendo file da modificare
1767612537|TASK_fix_code_review_3|Creando ~/.local/lib/swarm-lib.sh
1767612581|TASK_fix_code_review_3|Modificando spawn-workers.sh per validazione ownership
1767612628|TASK_fix_code_review_3|Modificando swarm-review.sh per prompt su file
1767612687|TASK_fix_code_review_3|COMPLETATO\!
1767615118|TASK_20260105_131133|Analizzando spawn-workers.sh
1767615175|TASK_20260105_131133|Completando fix e scrivendo output
1767667750|TASK_SWARM_REPORT|Inizio creazione script swarm-report
1767667810|TASK_SWARM_REPORT|Creando script swarm-report
1767667862|TASK_SWARM_REPORT|COMPLETATO - Script swarm-report creato e testato
1767667874|TASK_TEMPLATES|Inizio creazione template task
1767667907|TASK_TEMPLATES|Creando template task
1767667989|TASK_TEMPLATES|COMPLETATO - 4 template + script task-new
1767668031|ALL_TASKS|TUTTI COMPLETATI - 2 task + 2 hardtest
1767668060|COMPLETATO|Task SWARM_REPORT e TEMPLATES completati
1767724120|TASK_FIX_WATCHER_NOTIFICA|Analizzando watcher-regina.sh
1767724143|TASK_FIX_WATCHER_NOTIFICA|Modificando watcher-regina.sh
1767724185|TASK_FIX_WATCHER_NOTIFICA|Testando modifiche
1767724240|TASK_FIX_WATCHER_NOTIFICA|COMPLETATO
1767726965|TASK_GLOBAL_STATUS|Leggendo studio per specifiche
1767726979|TASK_GLOBAL_STATUS|Analizzando script esistenti
1767726999|TASK_GLOBAL_STATUS|Creando script swarm-global-status.py
1767727063|TASK_GLOBAL_STATUS|Linkando in ~/.local/bin/
1767727074|TASK_GLOBAL_STATUS|Testando script
1767745011|TASK_DASHBOARD_BACKEND|Creando struttura cartelle
1767745064|TASK_DASHBOARD_BACKEND|Scrivendo parsers
1767745169|TASK_DASHBOARD_BACKEND|Scrivendo routes
1767745235|TASK_DASHBOARD_BACKEND|Scrivendo main.py e config
1767745393|TASK_DASHBOARD_BACKEND|COMPLETATO
1767796823|TEST_SCENARIO_STANDARD|Inizio task - creo file di test
1767796836|TEST_SCENARIO_STANDARD|File di test creato, preparo output report
1767796855|TEST_SCENARIO_STANDARD|COMPLETATO - task finito con successo
1767797336|TEST_MULTI_BACKEND|Creando file test multi_backend.txt
1767797359|TEST_MULTI_BACKEND|COMPLETATO
1767809866|TASK_HOOK_WHITELIST|Leggendo pattern da block_task_for_agents.py
1767809874|TASK_HOOK_WHITELIST|Verificando se hook esiste già
1767809881|TASK_HOOK_WHITELIST|Creando hook block_edit_non_whitelist.py
1767809918|TASK_HOOK_WHITELIST|Hook creato, verificando settings.json
1767809928|TASK_HOOK_WHITELIST|Aggiornando settings.json con nuovo hook
1767809944|TASK_HOOK_WHITELIST|Testing hook con file whitelist e non-whitelist
1767809980|TASK_HOOK_WHITELIST|Creando output e marcando done
1767810014|TEST_SCENARIO_STANDARD|Inizio task test
1767819151|TASK_TEST_WORKER_EDIT|Inizio task, provo a creare file test
1767819181|TASK_TEST_WORKER_EDIT|COMPLETATO - Test passato!
1767819215|NESSUN_TASK|Nessun task per backend, faccio exit
1767848632|TASK_TEST_HARDTEST|Eseguendo task di test
1767848920|HT_PARALLEL_BACKEND|Eseguendo task
1767849163|HT_UNICODE_TEST|Prendendo task in carico
1767849183|HT_UNICODE_TEST|Task completato
1767863072|TASK_HEADLESS_SPAWN|Letto file, inizio modifiche spawn-workers
1767863180|TASK_HEADLESS_SPAWN|Modificando loop spawn nel main
1767863231|TASK_HEADLESS_SPAWN|Scrivendo output file conferma
1767863916|TASK_OPTIMIZE_LOAD_CONTEXT|Inizio task - lettura file originale
1767863954|TASK_OPTIMIZE_LOAD_CONTEXT|Modificando get_recent_events()
1767863961|TASK_OPTIMIZE_LOAD_CONTEXT|Modificando get_agent_stats() - top 5 agents
1767863979|TASK_OPTIMIZE_LOAD_CONTEXT|Modificando get_lessons_learned() - LIMIT 3
1767863990|TASK_OPTIMIZE_LOAD_CONTEXT|Modificando format_context() - max 5 eventi
1767864003|TASK_OPTIMIZE_LOAD_CONTEXT|Aggiornando version a 2.1.0
1767864021|TASK_OPTIMIZE_LOAD_CONTEXT|Testando script modificato
1767864030|TASK_OPTIMIZE_LOAD_CONTEXT|Scrivendo output del task
1767864055|TASK_OPTIMIZE_LOAD_CONTEXT|COMPLETATO
1767865445|TASK_HEADLESS_DEFAULT|Inizio task - lettura spawn-workers
1767865454|TASK_HEADLESS_DEFAULT|Modifico spawn-workers per headless default
1767865508|TASK_HEADLESS_DEFAULT|COMPLETATO - spawn-workers v3.1.0 headless default
1767865632|TASK_WATCHER_IMPROVE|Leggendo watcher-regina.sh
1767865640|TASK_WATCHER_IMPROVE|Implementando miglioramenti headless
1767865720|TASK_WATCHER_IMPROVE|Creando output file
1767873881|TASK_TEST_UNBUFFERED|Eseguendo test loop output
1767873907|TASK_TEST_UNBUFFERED|Test completato - scrittura output
1767874151|TASK_TEST_UNBUFFERED_V2|Esecuzione test output realtime
1767874170|TASK_TEST_UNBUFFERED_V2|Task completato - output creato
