1767612789|TASK_20260105_123249|Inizio studio notifica worker
1767612805|TASK_20260105_123249|Studiando opzioni notifica macOS
1767612863|TASK_20260105_123249|Scrivendo studio notifica worker
1767612908|TASK_20260105_123249|Implementando notifica in spawn-workers.sh
1767612997|TASK_20260105_123249|COMPLETATO!
1767667776|TASK_AUTO_REVIEW|Iniziando sistema auto-review
1767667819|TASK_AUTO_REVIEW|Hook creato, ora creo script
1767667857|TASK_AUTO_REVIEW|Script creato, testando sistema
1767667893|TASK_AUTO_REVIEW|COMPLETATO - Sistema auto-review creato!
1767768243|WORKING|TASK_COMUNICAZIONE_FASE4_SCRIPTS|Creating update-status.sh
1767768282|WORKING|TASK_COMUNICAZIONE_FASE4_SCRIPTS|Creating heartbeat-worker.sh
1767768319|WORKING|TASK_COMUNICAZIONE_FASE4_SCRIPTS|Creating ask-regina.sh
1767768372|WORKING|TASK_COMUNICAZIONE_FASE4_SCRIPTS|Creating check-stuck.sh
1767768420|WORKING|TASK_COMUNICAZIONE_FASE4_SCRIPTS|Extending watcher-regina.sh v1.4.0
1767768485|WORKING|TASK_COMUNICAZIONE_FASE4_SCRIPTS|Testing scripts
1767768683|WORKING|TASK_COMUNICAZIONE_FASE4_SCRIPTS|Creating completion report
1767768781|DONE|TASK_COMUNICAZIONE_FASE4_SCRIPTS|Task completed successfully!
1767873481|TASK_IMPLEMENTA_UNBUFFERED_v124|Inizio implementazione spawn-workers v3.2.0
1767873508|TASK_IMPLEMENTA_UNBUFFERED_v124|Leggendo spawn-workers v3.1.0
1767873591|TASK_IMPLEMENTA_UNBUFFERED_v124|Implementando stdbuf check
1767873758|TASK_IMPLEMENTA_UNBUFFERED_v124|Installando coreutils
1767873783|TASK_IMPLEMENTA_UNBUFFERED_v124|Testing spawn-workers v3.2.0
1767873838|TASK_IMPLEMENTA_UNBUFFERED_v124|Lanciando test worker backend
1767874182|TASK_IMPLEMENTA_UNBUFFERED_v124|Test window mode
1767874215|TASK_IMPLEMENTA_UNBUFFERED_v124|Creando output task
1767874309|COMPLETATO|spawn-workers v3.2.0 implementato con successo!
